#
# There is insufficient memory for the Java Runtime Environment to continue.
# Native memory allocation (mmap) failed to map 121634816 bytes for G1 virtual space
# Possible reasons:
#   The system is out of physical RAM or swap space
#   The process is running with CompressedOops enabled, and the Java Heap may be blocking the growth of the native heap
# Possible solutions:
#   Reduce memory load on the system
#   Increase physical memory or swap space
#   Check if swap backing store is full
#   Decrease Java heap size (-Xmx/-Xms)
#   Decrease number of Java threads
#   Decrease Java thread stack sizes (-Xss)
#   Set larger code cache with -XX:ReservedCodeCacheSize=
#   JVM is running with Unscaled Compressed Oops mode in which the Java heap is
#     placed in the first 4GB address space. The Java Heap base address is the
#     maximum limit for the native heap growth. Please use -XX:HeapBaseMinAddress
#     to set the Java Heap base and to place the Java Heap above 4GB virtual address.
# This output file may be truncated or incomplete.
#
#  Out of Memory Error (os_windows.cpp:3603), pid=5716, tid=18264
#
# JRE version:  (21.0.9+7) (build )
# Java VM: Java HotSpot(TM) 64-Bit Server VM (21.0.9+7-LTS-338, mixed mode, sharing, tiered, compressed oops, compressed class ptrs, g1 gc, windows-amd64)
# No core dump will be written. Minidumps are not enabled by default on client versions of Windows
#

---------------  S U M M A R Y ------------

Command Line: -Dclassworlds.conf=C:\Program Files\Maven\bin\m2.conf -Dmaven.home=C:\Program Files\Maven -Dlibrary.jansi.path=C:\Program Files\Maven\lib\jansi-native -Dmaven.multiModuleProjectDirectory=D:\artesanias-cuero_proyecto org.codehaus.plexus.classworlds.launcher.Launcher clean install

Host: AMD Ryzen 5 7520U with Radeon Graphics         , 8 cores, 7G,  Windows 11 , 64 bit Build 26100 (10.0.26100.7920)
Time: Wed Mar 11 17:51:36 2026 SA Pacific Standard Time elapsed time: 2.058907 seconds (0d 0h 0m 2s)

---------------  T H R E A D  ---------------

Current thread (0x000002046fb1e160):  JavaThread "Unknown thread" [_thread_in_vm, id=18264, stack(0x0000009314600000,0x0000009314700000) (1024K)]

Stack: [0x0000009314600000,0x0000009314700000]
Native frames: (J=compiled Java code, j=interpreted, Vv=VM code, C=native code)
V  [jvm.dll+0x6cbf89]
V  [jvm.dll+0x858421]
V  [jvm.dll+0x85a94e]
V  [jvm.dll+0x85b023]
V  [jvm.dll+0x27ebc6]
V  [jvm.dll+0x6c8705]
V  [jvm.dll+0x6bd26a]
V  [jvm.dll+0x354a0a]
V  [jvm.dll+0x35c686]
V  [jvm.dll+0x3af79e]
V  [jvm.dll+0x3afa48]
V  [jvm.dll+0x328d1c]
V  [jvm.dll+0x32987b]
V  [jvm.dll+0x821739]
V  [jvm.dll+0x3bc481]
V  [jvm.dll+0x80a9b8]
V  [jvm.dll+0x45166e]
V  [jvm.dll+0x453261]
C  [jli.dll+0x52a3]
C  [ucrtbase.dll+0x37b0]
C  [KERNEL32.DLL+0x2e8d7]
C  [ntdll.dll+0x8c48c]


---------------  P R O C E S S  ---------------

Threads class SMR info:
_java_thread_list=0x00007fff6d76fc08, length=0, elements={
}

Java Threads: ( => current thread )
Total: 0

Other Threads:
  0x0000020471d46620 WorkerThread "GC Thread#0"                     [id=3348, stack(0x0000009314700000,0x0000009314800000) (1024K)]
  0x0000020471d55dd0 ConcurrentGCThread "G1 Main Marker"            [id=21232, stack(0x0000009314800000,0x0000009314900000) (1024K)]
  0x0000020471d57760 WorkerThread "G1 Conc#0"                       [id=20924, stack(0x0000009314900000,0x0000009314a00000) (1024K)]

[error occurred during error reporting (printing all threads), id 0xc0000005, EXCEPTION_ACCESS_VIOLATION (0xc0000005) at pc=0x00007fff6cedb4a7]
VM state: not at safepoint (not fully initialized)

VM Mutex/Monitor currently owned by a thread:  ([mutex/lock_event])
[0x00007fff6d7e0ef0] Heap_lock - owner thread: 0x000002046fb1e160

Heap address: 0x000000008c200000, size: 1854 MB, Compressed Oops mode: 32-bit

CDS archive(s) mapped at: [0x0000000000000000-0x0000000000000000-0x0000000000000000), size 0, SharedBaseAddress: 0x0000000800000000, ArchiveRelocationMode: 1.
Narrow klass base: 0x0000000000000000, Narrow klass shift: 0, Narrow klass range: 0x0

GC Precious Log:
 CardTable entry size: 512
 Card Set container configuration: InlinePtr #cards 5 size 8 Array Of Cards #cards 12 size 40 Howl #buckets 4 coarsen threshold 1843 Howl Bitmap #cards 512 size 80 coarsen threshold 460 Card regions per heap region 1 cards per card region 2048

Heap:
 garbage-first heap   total 0K, used 0K [0x000000008c200000, 0x0000000100000000)
  region size 1024K, 0 young (0K), 0 survivors (0K)

[error occurred during error reporting (printing heap information), id 0xc0000005, EXCEPTION_ACCESS_VIOLATION (0xc0000005) at pc=0x00007fff6d2c4ff9]
GC Heap History (0 events):
No events

Dll operation events (1 events):
Event: 0.030 Loaded shared library C:\Program Files\Java\jdk-21\bin\java.dll

Deoptimization events (0 events):
No events

Classes loaded (0 events):
No events

Classes unloaded (0 events):
No events

Classes redefined (0 events):
No events

Internal exceptions (0 events):
No events

ZGC Phase Switch (0 events):
No events

VM Operations (0 events):
No events

Events (0 events):
No events


Dynamic libraries:
0x00007ff6cad80000 - 0x00007ff6cad90000 	C:\Program Files\Java\jdk-21\bin\java.exe
0x00007ff866240000 - 0x00007ff8664a7000 	C:\WINDOWS\SYSTEM32\ntdll.dll
0x00007ff864f80000 - 0x00007ff865049000 	C:\WINDOWS\System32\KERNEL32.DLL
0x00007ff863170000 - 0x00007ff863561000 	C:\WINDOWS\System32\KERNELBASE.dll
0x00007ff862b20000 - 0x00007ff862c6b000 	C:\WINDOWS\System32\ucrtbase.dll
0x00007ff851d10000 - 0x00007ff851d29000 	C:\Program Files\Java\jdk-21\bin\jli.dll
0x00007ff851d30000 - 0x00007ff851d4b000 	C:\Program Files\Java\jdk-21\bin\VCRUNTIME140.dll
0x00007ff8658c0000 - 0x00007ff86597b000 	C:\WINDOWS\System32\ADVAPI32.dll
0x00007ff865bd0000 - 0x00007ff865c79000 	C:\WINDOWS\System32\msvcrt.dll
0x00007ff8659d0000 - 0x00007ff865a77000 	C:\WINDOWS\System32\sechost.dll
0x00007ff864a60000 - 0x00007ff864b78000 	C:\WINDOWS\System32\RPCRT4.dll
0x00007ff8644d0000 - 0x00007ff864695000 	C:\WINDOWS\System32\USER32.dll
0x00007ff862c70000 - 0x00007ff862c97000 	C:\WINDOWS\System32\win32u.dll
0x00007ff8502f0000 - 0x00007ff850583000 	C:\WINDOWS\WinSxS\amd64_microsoft.windows.common-controls_6595b64144ccf1df_6.0.26100.7922_none_3e089e1ee3342171\COMCTL32.dll
0x00007ff865890000 - 0x00007ff8658bb000 	C:\WINDOWS\System32\GDI32.dll
0x00007ff862ed0000 - 0x00007ff862ffa000 	C:\WINDOWS\System32\gdi32full.dll
0x00007ff863000000 - 0x00007ff8630a3000 	C:\WINDOWS\System32\msvcp_win.dll
0x00007ff85f190000 - 0x00007ff85f19b000 	C:\WINDOWS\SYSTEM32\VERSION.dll
0x00007ff8647c0000 - 0x00007ff8647f1000 	C:\WINDOWS\System32\IMM32.DLL
0x00007ff8515f0000 - 0x00007ff8515fc000 	C:\Program Files\Java\jdk-21\bin\vcruntime140_1.dll
0x00007ff851560000 - 0x00007ff8515ee000 	C:\Program Files\Java\jdk-21\bin\msvcp140.dll
0x00007fff6cba0000 - 0x00007fff6d8bd000 	C:\Program Files\Java\jdk-21\bin\server\jvm.dll
0x00007ff8649e0000 - 0x00007ff864a54000 	C:\WINDOWS\System32\WS2_32.dll
0x00007ff862980000 - 0x00007ff8629de000 	C:\WINDOWS\SYSTEM32\POWRPROF.dll
0x00007ff85f140000 - 0x00007ff85f175000 	C:\WINDOWS\SYSTEM32\WINMM.dll
0x00007ff8628b0000 - 0x00007ff8628c4000 	C:\WINDOWS\SYSTEM32\UMPDC.dll
0x00007ff8618b0000 - 0x00007ff8618cb000 	C:\WINDOWS\SYSTEM32\kernel.appcore.dll
0x00007ff851550000 - 0x00007ff85155a000 	C:\Program Files\Java\jdk-21\bin\jimage.dll
0x00007ff855650000 - 0x00007ff855892000 	C:\WINDOWS\SYSTEM32\DBGHELP.DLL
0x00007ff863fe0000 - 0x00007ff864362000 	C:\WINDOWS\System32\combase.dll
0x00007ff864ea0000 - 0x00007ff864f77000 	C:\WINDOWS\System32\OLEAUT32.dll
0x00007ff8502b0000 - 0x00007ff8502eb000 	C:\WINDOWS\SYSTEM32\dbgcore.DLL
0x00007ff862e20000 - 0x00007ff862ec5000 	C:\WINDOWS\System32\bcryptPrimitives.dll
0x00007ff851530000 - 0x00007ff85154f000 	C:\Program Files\Java\jdk-21\bin\java.dll

dbghelp: loaded successfully - version: 4.0.5 - missing functions: none
symbol engine: initialized successfully - sym options: 0x614 - pdb path: .;C:\Program Files\Java\jdk-21\bin;C:\WINDOWS\SYSTEM32;C:\WINDOWS\WinSxS\amd64_microsoft.windows.common-controls_6595b64144ccf1df_6.0.26100.7922_none_3e089e1ee3342171;C:\Program Files\Java\jdk-21\bin\server

VM Arguments:
jvm_args: -Dclassworlds.conf=C:\Program Files\Maven\bin\m2.conf -Dmaven.home=C:\Program Files\Maven -Dlibrary.jansi.path=C:\Program Files\Maven\lib\jansi-native -Dmaven.multiModuleProjectDirectory=D:\artesanias-cuero_proyecto 
java_command: org.codehaus.plexus.classworlds.launcher.Launcher clean install
java_class_path (initial): C:\Program Files\Maven\boot\plexus-classworlds-2.9.0.jar
Launcher Type: SUN_STANDARD

[Global flags]
     intx CICompilerCount                          = 4                                         {product} {ergonomic}
     uint ConcGCThreads                            = 2                                         {product} {ergonomic}
     uint G1ConcRefinementThreads                  = 8                                         {product} {ergonomic}
   size_t G1HeapRegionSize                         = 1048576                                   {product} {ergonomic}
    uintx GCDrainStackTargetSize                   = 64                                        {product} {ergonomic}
   size_t InitialHeapSize                          = 121634816                                 {product} {ergonomic}
   size_t MarkStackSize                            = 4194304                                   {product} {ergonomic}
   size_t MaxHeapSize                              = 1944059904                                {product} {ergonomic}
   size_t MinHeapDeltaBytes                        = 1048576                                   {product} {ergonomic}
   size_t MinHeapSize                              = 8388608                                   {product} {ergonomic}
    uintx NonNMethodCodeHeapSize                   = 5839372                                {pd product} {ergonomic}
    uintx NonProfiledCodeHeapSize                  = 122909434                              {pd product} {ergonomic}
    uintx ProfiledCodeHeapSize                     = 122909434                              {pd product} {ergonomic}
    uintx ReservedCodeCacheSize                    = 251658240                              {pd product} {ergonomic}
     bool SegmentedCodeCache                       = true                                      {product} {ergonomic}
   size_t SoftMaxHeapSize                          = 1944059904                             {manageable} {ergonomic}
     bool UseCompressedOops                        = true                           {product lp64_product} {ergonomic}
     bool UseG1GC                                  = true                                      {product} {ergonomic}
     bool UseLargePagesIndividualAllocation        = false                                  {pd product} {ergonomic}

Logging:
Log output configuration:
 #0: stdout all=warning uptime,level,tags foldmultilines=false
 #1: stderr all=off uptime,level,tags foldmultilines=false

Environment Variables:
PATH=C:\Users\esteb\AppData\Local\Programs\Microsoft VS Code;C:\Program Files\Common Files\Oracle\Java\javapath;C:\Program Files (x86)\Common Files\Oracle\Java\javapath;C:\Program Files\Microsoft MPI\Bin\;C:\oraclexe\app\oracle\product\11.2.0\server\bin;C:\app\esteb\product\21c\dbhomeXE\bin;C:\Program Files (x86)\VMware\VMware Workstation\bin\;C:\WINDOWS\system32;C:\WINDOWS;C:\WINDOWS\System32\Wbem;C:\WINDOWS\System32\WindowsPowerShell\v1.0\;C:\WINDOWS\System32\OpenSSH\;C:\Program Files (x86)\Microsoft SQL Server\130\Tools\Binn\;C:\Program Files\Microsoft SQL Server\130\Tools\Binn\;C:\Program Files (x86)\Microsoft SQL Server\130\DTS\Binn\;C:\Program Files\Microsoft SQL Server\130\DTS\Binn\;C:\Program Files\Microsoft SQL Server\Client SDK\ODBC\130\Tools\Binn\;C:\Program Files (x86)\Microsoft SQL Server\160\DTS\Binn\;C:\Program Files\Git\cmd;C:\Users\esteb\AppData\Local\nvm;C:\nvm4w\nodejs;C:\Program Files\Maven\bin;C:\Users\esteb\AppData\Local\Microsoft\WindowsApps;C:\Users\esteb\AppData\Local\Programs\Microsoft VS Code\bin;C:\Program Files\MongoDB\Server\8.0\bin;C:\Program Files\MongoDB\mongosh-2.3.3-win32-x64\bin;C:\Users\esteb\dev\flutter\bin;C:\Users\esteb\AppData\Local\Packages\PythonSoftwareFoundation.Python.3.11_qbz5n2kfra8p0\LocalCache\local-packages\Python311\Scripts;C:\Users\esteb\AppData\Roaming\npm;C:\Users\esteb\AppData\Local\nvm;C:\nvm4w\nodejs;c:\Users\esteb\.vscode\extensions\vscjava.vscode-java-debug-0.58.5\bundled\scripts\noConfigScripts
USERNAME=esteb
LANG=en_US.UTF-8
OS=Windows_NT
PROCESSOR_IDENTIFIER=AMD64 Family 23 Model 160 Stepping 0, AuthenticAMD
TMP=C:\Users\esteb\AppData\Local\Temp
TEMP=C:\Users\esteb\AppData\Local\Temp




Periodic native trim disabled

---------------  S Y S T E M  ---------------

OS:
 Windows 11 , 64 bit Build 26100 (10.0.26100.7920)
OS uptime: 0 days 10:48 hours
Hyper-V role detected

CPU: total 8 (initial active 8) (8 cores per cpu, 2 threads per core) family 23 model 160 stepping 0 microcode 0x8a00006, cx8, cmov, fxsr, ht, mmx, 3dnowpref, sse, sse2, sse3, ssse3, sse4a, sse4.1, sse4.2, popcnt, lzcnt, tsc, tscinvbit, avx, avx2, aes, clmul, bmi1, bmi2, adx, sha, fma, vzeroupper, clflush, clflushopt, hv, rdtscp, rdpid, f16c
Processor Information for processor 0
  Max Mhz: 2801, Current Mhz: 1981, Mhz Limit: 2801
Processor Information for processor 1
  Max Mhz: 2801, Current Mhz: 2483, Mhz Limit: 2801
Processor Information for processor 2
  Max Mhz: 2801, Current Mhz: 2483, Mhz Limit: 2801
Processor Information for processor 3
  Max Mhz: 2801, Current Mhz: 1981, Mhz Limit: 2801
Processor Information for processor 4
  Max Mhz: 2801, Current Mhz: 2483, Mhz Limit: 2801
Processor Information for processor 5
  Max Mhz: 2801, Current Mhz: 1981, Mhz Limit: 2801
Processor Information for processor 6
  Max Mhz: 2801, Current Mhz: 2483, Mhz Limit: 2801
Processor Information for processor 7
  Max Mhz: 2801, Current Mhz: 2483, Mhz Limit: 2801

Memory: 4k page, system-wide physical 7413M (696M free)
TotalPageFile size 29941M (AvailPageFile size 95M)
current process WorkingSet (physical memory assigned to process): 12M, peak: 12M
current process commit charge ("private bytes"): 60M, peak: 176M

vm_info: Java HotSpot(TM) 64-Bit Server VM (21.0.9+7-LTS-338) for windows-amd64 JRE (21.0.9+7-LTS-338), built on 2025-09-26T06:33:49Z by "mach5run" with MS VC++ 17.6 (VS2022)

END.
