#
# There is insufficient memory for the Java Runtime Environment to continue.
# Native memory allocation (malloc) failed to allocate 1881456 bytes. Error detail: Chunk::new
# Possible reasons:
#   The system is out of physical RAM or swap space
#   This process is running with CompressedOops enabled, and the Java Heap may be blocking the growth of the native heap
# Possible solutions:
#   Reduce memory load on the system
#   Increase physical memory or swap space
#   Check if swap backing store is full
#   Decrease Java heap size (-Xmx/-Xms)
#   Decrease number of Java threads
#   Decrease Java thread stack sizes (-Xss)
#   Set larger code cache with -XX:ReservedCodeCacheSize=
#   JVM is running with Unscaled Compressed Oops mode in which the Java heap is
#     placed in the first 4GB address space. The Java Heap base address is the
#     maximum limit for the native heap growth. Please use -XX:HeapBaseMinAddress
#     to set the Java Heap base and to place the Java Heap above 4GB virtual address.
# This output file may be truncated or incomplete.
#
#  Out of Memory Error (arena.cpp:168), pid=15624, tid=7788
#
# JRE version: OpenJDK Runtime Environment Temurin-21.0.10+7 (21.0.10+7) (build 21.0.10+7-LTS)
# Java VM: OpenJDK 64-Bit Server VM Temurin-21.0.10+7 (21.0.10+7-LTS, mixed mode, sharing, tiered, compressed oops, compressed class ptrs, parallel gc, windows-amd64)
# No core dump will be written. Minidumps are not enabled by default on client versions of Windows
#

---------------  S U M M A R Y ------------

Command Line: --add-modules=ALL-SYSTEM --add-opens=java.base/java.util=ALL-UNNAMED --add-opens=java.base/java.lang=ALL-UNNAMED --add-opens=java.base/sun.nio.fs=ALL-UNNAMED -Declipse.application=org.eclipse.jdt.ls.core.id1 -Dosgi.bundles.defaultStartLevel=4 -Declipse.product=org.eclipse.jdt.ls.core.product -Djava.import.generatesMetadataFilesAtProjectRoot=false -DDetectVMInstallationsJob.disabled=true -Dfile.encoding=utf8 -XX:+UseParallelGC -XX:GCTimeRatio=4 -XX:AdaptiveSizePolicyWeight=90 -Dsun.zip.disableMemoryMapping=true -Xmx2G -Xms100m -Xlog:disable -javaagent:c:\Users\esteb\.vscode\extensions\redhat.java-1.53.0-win32-x64\lombok\lombok-1.18.39-4050.jar -XX:+HeapDumpOnOutOfMemoryError -XX:HeapDumpPath=c:\Users\esteb\AppData\Roaming\Code\User\workspaceStorage\c934bb2dc5cf452be0dac2205e61f36f\redhat.java -Daether.dependencyCollector.impl=bf c:\Users\esteb\.vscode\extensions\redhat.java-1.53.0-win32-x64\server\plugins\org.eclipse.equinox.launcher_1.7.100.v20251111-0406.jar -configuration c:\Users\esteb\AppData\Roaming\Code\User\globalStorage\redhat.java\1.53.0\config_win -data c:\Users\esteb\AppData\Roaming\Code\User\workspaceStorage\c934bb2dc5cf452be0dac2205e61f36f\redhat.java\jdt_ws --pipe=\\.\pipe\lsp-c612061ac69138119bc9af292708c4a0-sock

Host: AMD Ryzen 5 7520U with Radeon Graphics         , 8 cores, 7G,  Windows 11 , 64 bit Build 26100 (10.0.26100.7920)
Time: Tue Mar 10 18:48:08 2026 SA Pacific Standard Time elapsed time: 190.148475 seconds (0d 0h 3m 10s)

---------------  T H R E A D  ---------------

Current thread (0x0000016daae49200):  JavaThread "C2 CompilerThread0" daemon [_thread_in_native, id=7788, stack(0x0000003d6b300000,0x0000003d6b400000) (1024K)]


Current CompileTask:
C2:190148 14056       4       org.eclipse.jdt.internal.compiler.lookup.LookupEnvironment::getAnalysisAnnotationBit (323 bytes)

Stack: [0x0000003d6b300000,0x0000003d6b400000]
Native frames: (J=compiled Java code, j=interpreted, Vv=VM code, C=native code)
V  [jvm.dll+0x6d7a39]
V  [jvm.dll+0x8b4b26]
V  [jvm.dll+0x8b70de]
V  [jvm.dll+0x8b77c3]
V  [jvm.dll+0x284346]
V  [jvm.dll+0xc66ed]
V  [jvm.dll+0xc6c31]
V  [jvm.dll+0x3bec3b]
V  [jvm.dll+0x38b162]
V  [jvm.dll+0x38a5aa]
V  [jvm.dll+0x24c560]
V  [jvm.dll+0x24bb40]
V  [jvm.dll+0x1cb34e]
V  [jvm.dll+0x25b85d]
V  [jvm.dll+0x259dea]
V  [jvm.dll+0x3f857e]
V  [jvm.dll+0x85f59d]
V  [jvm.dll+0x6d626d]
C  [ucrtbase.dll+0x37b0]
C  [KERNEL32.DLL+0x2e8d7]
C  [ntdll.dll+0x8c48c]


---------------  P R O C E S S  ---------------

Threads class SMR info:
_java_thread_list=0x0000016e14950940, length=56, elements={
0x0000016daaebe540, 0x0000016daaf78ac0, 0x0000016daaf7a900, 0x0000016daae34b00,
0x0000016daae35a10, 0x0000016daae3b170, 0x0000016daae44ee0, 0x0000016daae49200,
0x0000016daae4aff0, 0x0000016e042e1aa0, 0x0000016e042e2130, 0x0000016e042e27c0,
0x0000016e042e1410, 0x0000016e04650070, 0x0000016e04653b80, 0x0000016e04650700,
0x0000016e046527d0, 0x0000016e04651ab0, 0x0000016e04652140, 0x0000016e04650d90,
0x0000016e04651420, 0x0000016e046562e0, 0x0000016e04655c50, 0x0000016e04654210,
0x0000016e046548a0, 0x0000016e04654f30, 0x0000016e04652e60, 0x0000016e046555c0,
0x0000016e04656970, 0x0000016e046534f0, 0x0000016e04657000, 0x0000016e04657690,
0x0000016e0ba8ec90, 0x0000016e0ba8d250, 0x0000016e0ba8c530, 0x0000016e0ba8df70,
0x0000016e0ba8cbc0, 0x0000016e0ba8d8e0, 0x0000016e0ba8f320, 0x0000016e0ba8bea0,
0x0000016e0bbc51d0, 0x0000016e0bbc44b0, 0x0000016e0bbc72a0, 0x0000016e0bbc4b40,
0x0000016e0bbca090, 0x0000016e0bbc5ef0, 0x0000016e0bbc3e20, 0x0000016e0bbc7fc0,
0x0000016e0bbc8650, 0x0000016e0bbc5860, 0x0000016e0bbc6c10, 0x0000016e0bbcb440,
0x0000016e0bfc06a0, 0x0000016e0bfc3490, 0x0000016e0bfc1a50, 0x0000016e0bfc20e0
}

Java Threads: ( => current thread )
  0x0000016daaebe540 JavaThread "main"                              [_thread_blocked, id=304, stack(0x0000003d6a900000,0x0000003d6aa00000) (1024K)]
  0x0000016daaf78ac0 JavaThread "Reference Handler"          daemon [_thread_blocked, id=6076, stack(0x0000003d6ad00000,0x0000003d6ae00000) (1024K)]
  0x0000016daaf7a900 JavaThread "Finalizer"                  daemon [_thread_blocked, id=12564, stack(0x0000003d6ae00000,0x0000003d6af00000) (1024K)]
  0x0000016daae34b00 JavaThread "Signal Dispatcher"          daemon [_thread_blocked, id=17700, stack(0x0000003d6af00000,0x0000003d6b000000) (1024K)]
  0x0000016daae35a10 JavaThread "Attach Listener"            daemon [_thread_blocked, id=26588, stack(0x0000003d6b000000,0x0000003d6b100000) (1024K)]
  0x0000016daae3b170 JavaThread "Service Thread"             daemon [_thread_blocked, id=13748, stack(0x0000003d6b100000,0x0000003d6b200000) (1024K)]
  0x0000016daae44ee0 JavaThread "Monitor Deflation Thread"   daemon [_thread_blocked, id=24556, stack(0x0000003d6b200000,0x0000003d6b300000) (1024K)]
=>0x0000016daae49200 JavaThread "C2 CompilerThread0"         daemon [_thread_in_native, id=7788, stack(0x0000003d6b300000,0x0000003d6b400000) (1024K)]
  0x0000016daae4aff0 JavaThread "C1 CompilerThread0"         daemon [_thread_blocked, id=23884, stack(0x0000003d6b400000,0x0000003d6b500000) (1024K)]
  0x0000016e042e1aa0 JavaThread "Common-Cleaner"             daemon [_thread_blocked, id=23964, stack(0x0000003d6b500000,0x0000003d6b600000) (1024K)]
  0x0000016e042e2130 JavaThread "Notification Thread"        daemon [_thread_blocked, id=25888, stack(0x0000003d6b600000,0x0000003d6b700000) (1024K)]
  0x0000016e042e27c0 JavaThread "Active Thread: Equinox Container: 158d05ba-ddb6-470a-a3e1-62bcdd7c8c83"        [_thread_blocked, id=3704, stack(0x0000003d6bd00000,0x0000003d6be00000) (1024K)]
  0x0000016e042e1410 JavaThread "Refresh Thread: Equinox Container: 158d05ba-ddb6-470a-a3e1-62bcdd7c8c83" daemon [_thread_blocked, id=25476, stack(0x0000003d6bf00000,0x0000003d6c000000) (1024K)]
  0x0000016e04650070 JavaThread "Framework Event Dispatcher: Equinox Container: 158d05ba-ddb6-470a-a3e1-62bcdd7c8c83" daemon [_thread_blocked, id=20264, stack(0x0000003d6c000000,0x0000003d6c100000) (1024K)]
  0x0000016e04653b80 JavaThread "Start Level: Equinox Container: 158d05ba-ddb6-470a-a3e1-62bcdd7c8c83" daemon [_thread_blocked, id=11572, stack(0x0000003d6c100000,0x0000003d6c200000) (1024K)]
  0x0000016e04650700 JavaThread "Bundle File Closer"         daemon [_thread_blocked, id=19836, stack(0x0000003d6c300000,0x0000003d6c400000) (1024K)]
  0x0000016e046527d0 JavaThread "SCR Component Actor"        daemon [_thread_blocked, id=26112, stack(0x0000003d6a700000,0x0000003d6a800000) (1024K)]
  0x0000016e04651ab0 JavaThread "Worker-JM"                         [_thread_blocked, id=19904, stack(0x0000003d6c200000,0x0000003d6c300000) (1024K)]
  0x0000016e04652140 JavaThread "JNA Cleaner"                daemon [_thread_blocked, id=17728, stack(0x0000003d6c400000,0x0000003d6c500000) (1024K)]
  0x0000016e04650d90 JavaThread "Worker-0"                          [_thread_blocked, id=25964, stack(0x0000003d6c500000,0x0000003d6c600000) (1024K)]
  0x0000016e04651420 JavaThread "Worker-1"                          [_thread_blocked, id=20488, stack(0x0000003d6c600000,0x0000003d6c700000) (1024K)]
  0x0000016e046562e0 JavaThread "Worker-2"                          [_thread_blocked, id=8372, stack(0x0000003d6c700000,0x0000003d6c800000) (1024K)]
  0x0000016e04655c50 JavaThread "Java indexing"              daemon [_thread_blocked, id=24848, stack(0x0000003d6c800000,0x0000003d6c900000) (1024K)]
  0x0000016e04654210 JavaThread "Worker-3"                          [_thread_blocked, id=24876, stack(0x0000003d6cb00000,0x0000003d6cc00000) (1024K)]
  0x0000016e046548a0 JavaThread "Worker-4"                          [_thread_blocked, id=7012, stack(0x0000003d6cc00000,0x0000003d6cd00000) (1024K)]
  0x0000016e04654f30 JavaThread "Thread-1"                   daemon [_thread_in_native, id=25664, stack(0x0000003d6cd00000,0x0000003d6ce00000) (1024K)]
  0x0000016e04652e60 JavaThread "Thread-2"                   daemon [_thread_in_native, id=5624, stack(0x0000003d6ce00000,0x0000003d6cf00000) (1024K)]
  0x0000016e046555c0 JavaThread "Thread-3"                   daemon [_thread_in_native, id=17052, stack(0x0000003d6cf00000,0x0000003d6d000000) (1024K)]
  0x0000016e04656970 JavaThread "Thread-4"                   daemon [_thread_in_native, id=9668, stack(0x0000003d6d000000,0x0000003d6d100000) (1024K)]
  0x0000016e046534f0 JavaThread "Thread-5"                   daemon [_thread_in_native, id=25928, stack(0x0000003d6d100000,0x0000003d6d200000) (1024K)]
  0x0000016e04657000 JavaThread "Thread-6"                   daemon [_thread_in_native, id=26432, stack(0x0000003d6d200000,0x0000003d6d300000) (1024K)]
  0x0000016e04657690 JavaThread "Thread-7"                   daemon [_thread_in_native, id=25656, stack(0x0000003d6d300000,0x0000003d6d400000) (1024K)]
  0x0000016e0ba8ec90 JavaThread "Thread-8"                   daemon [_thread_in_native, id=20804, stack(0x0000003d6d400000,0x0000003d6d500000) (1024K)]
  0x0000016e0ba8d250 JavaThread "Thread-9"                   daemon [_thread_in_native, id=25332, stack(0x0000003d6d500000,0x0000003d6d600000) (1024K)]
  0x0000016e0ba8c530 JavaThread "pool-2-thread-1"                   [_thread_blocked, id=19564, stack(0x0000003d6d600000,0x0000003d6d700000) (1024K)]
  0x0000016e0ba8df70 JavaThread "WorkspaceEventsHandler"            [_thread_blocked, id=22760, stack(0x0000003d6d700000,0x0000003d6d800000) (1024K)]
  0x0000016e0ba8cbc0 JavaThread "pool-1-thread-1"                   [_thread_blocked, id=1644, stack(0x0000003d6d800000,0x0000003d6d900000) (1024K)]
  0x0000016e0ba8d8e0 JavaThread "ForkJoinPool.commonPool-worker-1" daemon [_thread_blocked, id=26468, stack(0x0000003d6d900000,0x0000003d6da00000) (1024K)]
  0x0000016e0ba8f320 JavaThread "ForkJoinPool.commonPool-worker-3" daemon [_thread_blocked, id=22440, stack(0x0000003d6da00000,0x0000003d6db00000) (1024K)]
  0x0000016e0ba8bea0 JavaThread "ForkJoinPool.commonPool-worker-2" daemon [_thread_blocked, id=16996, stack(0x0000003d6db00000,0x0000003d6dc00000) (1024K)]
  0x0000016e0bbc51d0 JavaThread "ForkJoinPool.commonPool-worker-4" daemon [_thread_blocked, id=6140, stack(0x0000003d6dc00000,0x0000003d6dd00000) (1024K)]
  0x0000016e0bbc44b0 JavaThread "ForkJoinPool.commonPool-worker-5" daemon [_thread_blocked, id=25840, stack(0x0000003d6dd00000,0x0000003d6de00000) (1024K)]
  0x0000016e0bbc72a0 JavaThread "ForkJoinPool.commonPool-worker-6" daemon [_thread_blocked, id=16048, stack(0x0000003d6de00000,0x0000003d6df00000) (1024K)]
  0x0000016e0bbc4b40 JavaThread "ForkJoinPool.commonPool-worker-7" daemon [_thread_blocked, id=23188, stack(0x0000003d6df00000,0x0000003d6e000000) (1024K)]
  0x0000016e0bbca090 JavaThread "Worker-5"                          [_thread_blocked, id=21628, stack(0x0000003d6a600000,0x0000003d6a700000) (1024K)]
  0x0000016e0bbc5ef0 JavaThread "Worker-6"                          [_thread_blocked, id=18876, stack(0x0000003d6e100000,0x0000003d6e200000) (1024K)]
  0x0000016e0bbc3e20 JavaThread "Worker-7"                          [_thread_blocked, id=24568, stack(0x0000003d6e200000,0x0000003d6e300000) (1024K)]
  0x0000016e0bbc7fc0 JavaThread "Cleaner-0"                  daemon [_thread_blocked, id=24392, stack(0x0000003d6e400000,0x0000003d6e500000) (1024K)]
  0x0000016e0bbc8650 JavaThread "Compiler Source File Reader" daemon [_thread_blocked, id=15656, stack(0x0000003d6e300000,0x0000003d6e400000) (1024K)]
  0x0000016e0bbc5860 JavaThread "Compiler Processing Task"   daemon [_thread_blocked, id=13544, stack(0x0000003d6e500000,0x0000003d6e600000) (1024K)]
  0x0000016e0bbc6c10 JavaThread "Compiler Source File Reader" daemon [_thread_blocked, id=7556, stack(0x0000003d6e600000,0x0000003d6e700000) (1024K)]
  0x0000016e0bbcb440 JavaThread "Compiler Source File Reader" daemon [_thread_blocked, id=21576, stack(0x0000003d6e700000,0x0000003d6e800000) (1024K)]
  0x0000016e0bfc06a0 JavaThread "Compiler Source File Reader" daemon [_thread_blocked, id=21844, stack(0x0000003d6e800000,0x0000003d6e900000) (1024K)]
  0x0000016e0bfc3490 JavaThread "Compiler Source File Reader" daemon [_thread_blocked, id=22776, stack(0x0000003d6e900000,0x0000003d6ea00000) (1024K)]
  0x0000016e0bfc1a50 JavaThread "Worker-8: Building"                [_thread_in_vm, id=18824, stack(0x0000003d6ea00000,0x0000003d6eb00000) (1024K)]
  0x0000016e0bfc20e0 JavaThread "Compiler Source File Reader" daemon [_thread_blocked, id=26412, stack(0x0000003d6a800000,0x0000003d6a900000) (1024K)]
Total: 56

Other Threads:
  0x0000016daae314b0 VMThread "VM Thread"                           [id=19948, stack(0x0000003d6ac00000,0x0000003d6ad00000) (1024K)]
  0x0000016daad4ca00 WatcherThread "VM Periodic Task Thread"        [id=15208, stack(0x0000003d6ab00000,0x0000003d6ac00000) (1024K)]
  0x0000016daaedc7c0 WorkerThread "GC Thread#0"                     [id=17328, stack(0x0000003d6aa00000,0x0000003d6ab00000) (1024K)]
  0x0000016e044fc910 WorkerThread "GC Thread#1"                     [id=21180, stack(0x0000003d6b700000,0x0000003d6b800000) (1024K)]
  0x0000016e046e9280 WorkerThread "GC Thread#2"                     [id=20104, stack(0x0000003d6b800000,0x0000003d6b900000) (1024K)]
  0x0000016e04676ad0 WorkerThread "GC Thread#3"                     [id=21908, stack(0x0000003d6b900000,0x0000003d6ba00000) (1024K)]
  0x0000016e04676e80 WorkerThread "GC Thread#4"                     [id=25708, stack(0x0000003d6ba00000,0x0000003d6bb00000) (1024K)]
  0x0000016e04668f80 WorkerThread "GC Thread#5"                     [id=23468, stack(0x0000003d6bb00000,0x0000003d6bc00000) (1024K)]
  0x0000016e04669330 WorkerThread "GC Thread#6"                     [id=25372, stack(0x0000003d6bc00000,0x0000003d6bd00000) (1024K)]
  0x0000016e048d5ab0 WorkerThread "GC Thread#7"                     [id=21764, stack(0x0000003d6be00000,0x0000003d6bf00000) (1024K)]
Total: 10

Threads with active compile tasks:
C2 CompilerThread0  190231 14056       4       org.eclipse.jdt.internal.compiler.lookup.LookupEnvironment::getAnalysisAnnotationBit (323 bytes)
Total: 1

VM state: not at safepoint (normal execution)

VM Mutex/Monitor currently owned by a thread:  ([mutex/lock_event])
[0x00007ffa975de660] Heap_lock - owner thread: 0x0000016e0bfc1a50
[0x00007ffa975deae0] PSOldGenExpand_lock - owner thread: 0x0000016e0bfc1a50

Heap address: 0x0000000080000000, size: 2048 MB, Compressed Oops mode: 32-bit

CDS archive(s) mapped at: [0x0000016dc2000000-0x0000016dc2ba0000-0x0000016dc2ba0000), size 12189696, SharedBaseAddress: 0x0000016dc2000000, ArchiveRelocationMode: 1.
Compressed class space mapped at: 0x0000016dc3000000-0x0000016e03000000, reserved size: 1073741824
Narrow klass base: 0x0000016dc2000000, Narrow klass shift: 0, Narrow klass range: 0x100000000

GC Precious Log:
 CardTable entry size: 512
 CPUs: 8 total, 8 available
 Memory: 7413M
 Large Page Support: Disabled
 NUMA Support: Disabled
 Compressed Oops: Enabled (32-bit)
 Alignments: Space 512K, Generation 512K, Heap 2M
 Heap Min Capacity: 100M
 Heap Initial Capacity: 100M
 Heap Max Capacity: 2G
 Pre-touch: Disabled
 Parallel Workers: 8

Heap:
 PSYoungGen      total 5120K, used 5120K [0x00000000d5580000, 0x00000000d6500000, 0x0000000100000000)
  eden space 3584K, 100% used [0x00000000d5580000,0x00000000d5900000,0x00000000d5900000)
  from space 1536K, 100% used [0x00000000d5e80000,0x00000000d6000000,0x00000000d6000000)
  to   space 5632K, 0% used [0x00000000d5900000,0x00000000d5900000,0x00000000d5e80000)
 ParOldGen       total 849408K, used 848902K [0x0000000080000000, 0x00000000b3d80000, 0x00000000d5580000)
  object space 849408K, 99% used [0x0000000080000000,0x00000000b3d018a0,0x00000000b3d80000)
 Metaspace       used 71648K, committed 73344K, reserved 1114112K
  class space    used 7552K, committed 8320K, reserved 1048576K

Card table byte_map: [0x0000016daa860000,0x0000016daac70000] _byte_map_base: 0x0000016daa460000

Marking Bits: (ParMarkBitMap*) 0x00007ffa975e3450
 Begin Bits: [0x0000016dbd370000, 0x0000016dbf370000)
 End Bits:   [0x0000016dbf370000, 0x0000016dc1370000)

Polling page: 0x0000016da8d10000

Metaspace:

Usage:
  Non-class:     62.59 MB used.
      Class:      7.38 MB used.
       Both:     69.97 MB used.

Virtual space:
  Non-class space:       64.00 MB reserved,      63.50 MB (>99%) committed,  1 nodes.
      Class space:        1.00 GB reserved,       8.12 MB ( <1%) committed,  1 nodes.
             Both:        1.06 GB reserved,      71.62 MB (  7%) committed. 

Chunk freelists:
   Non-Class:  480.00 KB
       Class:  7.92 MB
        Both:  8.39 MB

MaxMetaspaceSize: unlimited
CompressedClassSpaceSize: 1.00 GB
Initial GC threshold: 21.00 MB
Current GC threshold: 98.12 MB
CDS: on
 - commit_granule_bytes: 65536.
 - commit_granule_words: 8192.
 - virtual_space_node_default_size: 8388608.
 - enlarge_chunks_in_place: 1.
 - use_allocation_guard: 0.


Internal statistics:

num_allocs_failed_limit: 15.
num_arena_births: 1370.
num_arena_deaths: 14.
num_vsnodes_births: 2.
num_vsnodes_deaths: 0.
num_space_committed: 1146.
num_space_uncommitted: 0.
num_chunks_returned_to_freelist: 29.
num_chunks_taken_from_freelist: 4924.
num_chunk_merges: 14.
num_chunk_splits: 2939.
num_chunks_enlarged: 1491.
num_inconsistent_stats: 0.

CodeHeap 'non-profiled nmethods': size=120000Kb used=8869Kb max_used=8869Kb free=111130Kb
 bounds [0x0000016db5b90000, 0x0000016db6440000, 0x0000016dbd0c0000]
CodeHeap 'profiled nmethods': size=120000Kb used=30115Kb max_used=30115Kb free=89884Kb
 bounds [0x0000016dae0c0000, 0x0000016dafe30000, 0x0000016db55f0000]
CodeHeap 'non-nmethods': size=5760Kb used=1470Kb max_used=1553Kb free=4289Kb
 bounds [0x0000016db55f0000, 0x0000016db5860000, 0x0000016db5b90000]
CodeCache: size=245760Kb, used=40454Kb, max_used=40537Kb, free=205303Kb
 total_blobs=14087, nmethods=13298, adapters=694, full_count=0
Compilation: enabled, stopped_count=0, restarted_count=0

Compilation events (20 events):
Event: 188.709 Thread 0x0000016daae4aff0 14085   !   3       org.eclipse.jdt.core.dom.SimpleType::getName (60 bytes)
Event: 188.710 Thread 0x0000016daae4aff0 nmethod 14085 0x0000016dafe13b90 code [0x0000016dafe13e00, 0x0000016dafe148f8]
Event: 188.710 Thread 0x0000016daae4aff0 14082       3       org.eclipse.jdt.core.dom.BooleanLiteral::accept0 (12 bytes)
Event: 188.711 Thread 0x0000016daae4aff0 nmethod 14082 0x0000016dafe15010 code [0x0000016dafe151e0, 0x0000016dafe15490]
Event: 188.711 Thread 0x0000016daae4aff0 14087       1       org.eclipse.sisu.space.LoadedClass::load (5 bytes)
Event: 188.711 Thread 0x0000016daae4aff0 nmethod 14087 0x0000016db6436490 code [0x0000016db6436620, 0x0000016db64366e8]
Event: 188.732 Thread 0x0000016daae4aff0 14088       3       org.eclipse.sisu.inject.InjectorBindings::publishWildcardMatches (82 bytes)
Event: 188.741 Thread 0x0000016daae4aff0 nmethod 14088 0x0000016dafe15590 code [0x0000016dafe157e0, 0x0000016dafe160c8]
Event: 188.741 Thread 0x0000016daae49200 nmethod 14042 0x0000016db6436790 code [0x0000016db6436b80, 0x0000016db64386e0]
Event: 188.748 Thread 0x0000016daae49200 14056       4       org.eclipse.jdt.internal.compiler.lookup.LookupEnvironment::getAnalysisAnnotationBit (323 bytes)
Event: 188.753 Thread 0x0000016daae4aff0 14090       3       org.codehaus.plexus.configuration.DefaultPlexusConfiguration::getChild (14 bytes)
Event: 188.758 Thread 0x0000016daae4aff0 nmethod 14090 0x0000016dafe16490 code [0x0000016dafe16640, 0x0000016dafe16920]
Event: 188.759 Thread 0x0000016daae4aff0 14091       3       org.codehaus.plexus.component.configurator.converters.AbstractConfigurationConverter::fromXML (5 bytes)
Event: 188.759 Thread 0x0000016daae4aff0 nmethod 14091 0x0000016dafe16a10 code [0x0000016dafe16bc0, 0x0000016dafe16cf8]
Event: 188.783 Thread 0x0000016daae4aff0 14092       3       org.codehaus.plexus.component.configurator.converters.lookup.DefaultConverterLookup::lookupConverterForType (153 bytes)
Event: 188.785 Thread 0x0000016daae4aff0 nmethod 14092 0x0000016dafe16d90 code [0x0000016dafe170c0, 0x0000016dafe18270]
Event: 188.785 Thread 0x0000016daae4aff0 14093       3       org.eclipse.sisu.inject.MildKeys::get (14 bytes)
Event: 188.787 Thread 0x0000016daae4aff0 nmethod 14093 0x0000016dafe18810 code [0x0000016dafe18a00, 0x0000016dafe18ea0]
Event: 188.787 Thread 0x0000016daae4aff0 14094   !   3       org.apache.maven.plugin.PluginParameterExpressionEvaluator::evaluate (1306 bytes)
Event: 188.816 Thread 0x0000016daae4aff0 nmethod 14094 0x0000016dafe19090 code [0x0000016dafe1a380, 0x0000016dafe24560]

GC Heap History (20 events):
Event: 187.072 GC heap before
{Heap before GC invocations=338 (full 3):
 PSYoungGen      total 5120K, used 4864K [0x00000000d5580000, 0x00000000d5e80000, 0x0000000100000000)
  eden space 4608K, 100% used [0x00000000d5580000,0x00000000d5a00000,0x00000000d5a00000)
  from space 512K, 50% used [0x00000000d5e00000,0x00000000d5e40000,0x00000000d5e80000)
  to   space 1024K, 0% used [0x00000000d5c80000,0x00000000d5c80000,0x00000000d5d80000)
 ParOldGen       total 799744K, used 799717K [0x0000000080000000, 0x00000000b0d00000, 0x00000000d5580000)
  object space 799744K, 99% used [0x0000000080000000,0x00000000b0cf9598,0x00000000b0d00000)
 Metaspace       used 71507K, committed 73216K, reserved 1114112K
  class space    used 7549K, committed 8320K, reserved 1048576K
}
Event: 187.082 GC heap after
{Heap after GC invocations=338 (full 3):
 PSYoungGen      total 5632K, used 304K [0x00000000d5580000, 0x00000000d5e80000, 0x0000000100000000)
  eden space 4608K, 0% used [0x00000000d5580000,0x00000000d5580000,0x00000000d5a00000)
  from space 1024K, 29% used [0x00000000d5c80000,0x00000000d5ccc010,0x00000000d5d80000)
  to   space 512K, 0% used [0x00000000d5e00000,0x00000000d5e00000,0x00000000d5e80000)
 ParOldGen       total 800256K, used 799789K [0x0000000080000000, 0x00000000b0d80000, 0x00000000d5580000)
  object space 800256K, 99% used [0x0000000080000000,0x00000000b0d0b598,0x00000000b0d80000)
 Metaspace       used 71507K, committed 73216K, reserved 1114112K
  class space    used 7549K, committed 8320K, reserved 1048576K
}
Event: 187.542 GC heap before
{Heap before GC invocations=339 (full 3):
 PSYoungGen      total 5632K, used 4911K [0x00000000d5580000, 0x00000000d5e80000, 0x0000000100000000)
  eden space 4608K, 99% used [0x00000000d5580000,0x00000000d59fffe8,0x00000000d5a00000)
  from space 1024K, 29% used [0x00000000d5c80000,0x00000000d5ccc010,0x00000000d5d80000)
  to   space 512K, 0% used [0x00000000d5e00000,0x00000000d5e00000,0x00000000d5e80000)
 ParOldGen       total 800256K, used 799789K [0x0000000080000000, 0x00000000b0d80000, 0x00000000d5580000)
  object space 800256K, 99% used [0x0000000080000000,0x00000000b0d0b598,0x00000000b0d80000)
 Metaspace       used 71548K, committed 73216K, reserved 1114112K
  class space    used 7550K, committed 8320K, reserved 1048576K
}
Event: 187.547 GC heap after
{Heap after GC invocations=339 (full 3):
 PSYoungGen      total 5120K, used 484K [0x00000000d5580000, 0x00000000d5e80000, 0x0000000100000000)
  eden space 4608K, 0% used [0x00000000d5580000,0x00000000d5580000,0x00000000d5a00000)
  from space 512K, 94% used [0x00000000d5e00000,0x00000000d5e79210,0x00000000d5e80000)
  to   space 1024K, 0% used [0x00000000d5c80000,0x00000000d5c80000,0x00000000d5d80000)
 ParOldGen       total 800256K, used 799981K [0x0000000080000000, 0x00000000b0d80000, 0x00000000d5580000)
  object space 800256K, 99% used [0x0000000080000000,0x00000000b0d3b598,0x00000000b0d80000)
 Metaspace       used 71548K, committed 73216K, reserved 1114112K
  class space    used 7550K, committed 8320K, reserved 1048576K
}
Event: 188.055 GC heap before
{Heap before GC invocations=340 (full 3):
 PSYoungGen      total 5120K, used 5021K [0x00000000d5580000, 0x00000000d5e80000, 0x0000000100000000)
  eden space 4608K, 98% used [0x00000000d5580000,0x00000000d59ee4a8,0x00000000d5a00000)
  from space 512K, 94% used [0x00000000d5e00000,0x00000000d5e79210,0x00000000d5e80000)
  to   space 1024K, 0% used [0x00000000d5c80000,0x00000000d5c80000,0x00000000d5d80000)
 ParOldGen       total 800256K, used 799981K [0x0000000080000000, 0x00000000b0d80000, 0x00000000d5580000)
  object space 800256K, 99% used [0x0000000080000000,0x00000000b0d3b598,0x00000000b0d80000)
 Metaspace       used 71556K, committed 73216K, reserved 1114112K
  class space    used 7551K, committed 8320K, reserved 1048576K
}
Event: 188.060 GC heap after
{Heap after GC invocations=340 (full 3):
 PSYoungGen      total 5632K, used 993K [0x00000000d5580000, 0x00000000d6000000, 0x0000000100000000)
  eden space 4608K, 0% used [0x00000000d5580000,0x00000000d5580000,0x00000000d5a00000)
  from space 1024K, 96% used [0x00000000d5c80000,0x00000000d5d78438,0x00000000d5d80000)
  to   space 2560K, 0% used [0x00000000d5d80000,0x00000000d5d80000,0x00000000d6000000)
 ParOldGen       total 801792K, used 801360K [0x0000000080000000, 0x00000000b0f00000, 0x00000000d5580000)
  object space 801792K, 99% used [0x0000000080000000,0x00000000b0e94210,0x00000000b0f00000)
 Metaspace       used 71556K, committed 73216K, reserved 1114112K
  class space    used 7551K, committed 8320K, reserved 1048576K
}
Event: 188.212 GC heap before
{Heap before GC invocations=341 (full 3):
 PSYoungGen      total 5632K, used 5600K [0x00000000d5580000, 0x00000000d6000000, 0x0000000100000000)
  eden space 4608K, 99% used [0x00000000d5580000,0x00000000d59fff98,0x00000000d5a00000)
  from space 1024K, 96% used [0x00000000d5c80000,0x00000000d5d78438,0x00000000d5d80000)
  to   space 2560K, 0% used [0x00000000d5d80000,0x00000000d5d80000,0x00000000d6000000)
 ParOldGen       total 801792K, used 801360K [0x0000000080000000, 0x00000000b0f00000, 0x00000000d5580000)
  object space 801792K, 99% used [0x0000000080000000,0x00000000b0e94210,0x00000000b0f00000)
 Metaspace       used 71561K, committed 73216K, reserved 1114112K
  class space    used 7551K, committed 8320K, reserved 1048576K
}
Event: 188.217 GC heap after
{Heap after GC invocations=341 (full 3):
 PSYoungGen      total 7168K, used 2549K [0x00000000d5580000, 0x00000000d6000000, 0x0000000100000000)
  eden space 4608K, 0% used [0x00000000d5580000,0x00000000d5580000,0x00000000d5a00000)
  from space 2560K, 99% used [0x00000000d5d80000,0x00000000d5ffd758,0x00000000d6000000)
  to   space 3072K, 0% used [0x00000000d5a00000,0x00000000d5a00000,0x00000000d5d00000)
 ParOldGen       total 803328K, used 802829K [0x0000000080000000, 0x00000000b1080000, 0x00000000d5580000)
  object space 803328K, 99% used [0x0000000080000000,0x00000000b10035b0,0x00000000b1080000)
 Metaspace       used 71561K, committed 73216K, reserved 1114112K
  class space    used 7551K, committed 8320K, reserved 1048576K
}
Event: 188.273 GC heap before
{Heap before GC invocations=342 (full 3):
 PSYoungGen      total 7168K, used 7157K [0x00000000d5580000, 0x00000000d6000000, 0x0000000100000000)
  eden space 4608K, 100% used [0x00000000d5580000,0x00000000d5a00000,0x00000000d5a00000)
  from space 2560K, 99% used [0x00000000d5d80000,0x00000000d5ffd758,0x00000000d6000000)
  to   space 3072K, 0% used [0x00000000d5a00000,0x00000000d5a00000,0x00000000d5d00000)
 ParOldGen       total 803328K, used 802829K [0x0000000080000000, 0x00000000b1080000, 0x00000000d5580000)
  object space 803328K, 99% used [0x0000000080000000,0x00000000b10035b0,0x00000000b1080000)
 Metaspace       used 71561K, committed 73216K, reserved 1114112K
  class space    used 7551K, committed 8320K, reserved 1048576K
}
Event: 188.281 GC heap after
{Heap after GC invocations=342 (full 3):
 PSYoungGen      total 7680K, used 3072K [0x00000000d5580000, 0x00000000d6a00000, 0x0000000100000000)
  eden space 4608K, 0% used [0x00000000d5580000,0x00000000d5580000,0x00000000d5a00000)
  from space 3072K, 100% used [0x00000000d5a00000,0x00000000d5d00000,0x00000000d5d00000)
  to   space 8192K, 0% used [0x00000000d6200000,0x00000000d6200000,0x00000000d6a00000)
 ParOldGen       total 806912K, used 806765K [0x0000000080000000, 0x00000000b1400000, 0x00000000d5580000)
  object space 806912K, 99% used [0x0000000080000000,0x00000000b13db5f0,0x00000000b1400000)
 Metaspace       used 71561K, committed 73216K, reserved 1114112K
  class space    used 7551K, committed 8320K, reserved 1048576K
}
Event: 188.353 GC heap before
{Heap before GC invocations=343 (full 3):
 PSYoungGen      total 7680K, used 7680K [0x00000000d5580000, 0x00000000d6a00000, 0x0000000100000000)
  eden space 4608K, 100% used [0x00000000d5580000,0x00000000d5a00000,0x00000000d5a00000)
  from space 3072K, 100% used [0x00000000d5a00000,0x00000000d5d00000,0x00000000d5d00000)
  to   space 8192K, 0% used [0x00000000d6200000,0x00000000d6200000,0x00000000d6a00000)
 ParOldGen       total 806912K, used 806765K [0x0000000080000000, 0x00000000b1400000, 0x00000000d5580000)
  object space 806912K, 99% used [0x0000000080000000,0x00000000b13db5f0,0x00000000b1400000)
 Metaspace       used 71568K, committed 73216K, reserved 1114112K
  class space    used 7551K, committed 8320K, reserved 1048576K
}
Event: 188.362 GC heap after
{Heap after GC invocations=343 (full 3):
 PSYoungGen      total 6656K, used 1748K [0x00000000d5580000, 0x00000000d6400000, 0x0000000100000000)
  eden space 4608K, 0% used [0x00000000d5580000,0x00000000d5580000,0x00000000d5a00000)
  from space 2048K, 85% used [0x00000000d6200000,0x00000000d63b5200,0x00000000d6400000)
  to   space 4096K, 0% used [0x00000000d5c00000,0x00000000d5c00000,0x00000000d6000000)
 ParOldGen       total 809984K, used 809885K [0x0000000080000000, 0x00000000b1700000, 0x00000000d5580000)
  object space 809984K, 99% used [0x0000000080000000,0x00000000b16e75f0,0x00000000b1700000)
 Metaspace       used 71568K, committed 73216K, reserved 1114112K
  class space    used 7551K, committed 8320K, reserved 1048576K
}
Event: 188.404 GC heap before
{Heap before GC invocations=344 (full 3):
 PSYoungGen      total 6656K, used 6356K [0x00000000d5580000, 0x00000000d6400000, 0x0000000100000000)
  eden space 4608K, 100% used [0x00000000d5580000,0x00000000d5a00000,0x00000000d5a00000)
  from space 2048K, 85% used [0x00000000d6200000,0x00000000d63b5200,0x00000000d6400000)
  to   space 4096K, 0% used [0x00000000d5c00000,0x00000000d5c00000,0x00000000d6000000)
 ParOldGen       total 809984K, used 809885K [0x0000000080000000, 0x00000000b1700000, 0x00000000d5580000)
  object space 809984K, 99% used [0x0000000080000000,0x00000000b16e75f0,0x00000000b1700000)
 Metaspace       used 71574K, committed 73216K, reserved 1114112K
  class space    used 7551K, committed 8320K, reserved 1048576K
}
Event: 188.413 GC heap after
{Heap after GC invocations=344 (full 3):
 PSYoungGen      total 7168K, used 2426K [0x00000000d5580000, 0x00000000d6280000, 0x0000000100000000)
  eden space 4608K, 0% used [0x00000000d5580000,0x00000000d5580000,0x00000000d5a00000)
  from space 2560K, 94% used [0x00000000d5c00000,0x00000000d5e5e900,0x00000000d5e80000)
  to   space 3072K, 0% used [0x00000000d5f80000,0x00000000d5f80000,0x00000000d6280000)
 ParOldGen       total 811520K, used 811117K [0x0000000080000000, 0x00000000b1880000, 0x00000000d5580000)
  object space 811520K, 99% used [0x0000000080000000,0x00000000b181b5f0,0x00000000b1880000)
 Metaspace       used 71574K, committed 73216K, reserved 1114112K
  class space    used 7551K, committed 8320K, reserved 1048576K
}
Event: 188.610 GC heap before
{Heap before GC invocations=345 (full 3):
 PSYoungGen      total 7168K, used 7034K [0x00000000d5580000, 0x00000000d6280000, 0x0000000100000000)
  eden space 4608K, 100% used [0x00000000d5580000,0x00000000d5a00000,0x00000000d5a00000)
  from space 2560K, 94% used [0x00000000d5c00000,0x00000000d5e5e900,0x00000000d5e80000)
  to   space 3072K, 0% used [0x00000000d5f80000,0x00000000d5f80000,0x00000000d6280000)
 ParOldGen       total 811520K, used 811117K [0x0000000080000000, 0x00000000b1880000, 0x00000000d5580000)
  object space 811520K, 99% used [0x0000000080000000,0x00000000b181b5f0,0x00000000b1880000)
 Metaspace       used 71590K, committed 73280K, reserved 1114112K
  class space    used 7552K, committed 8320K, reserved 1048576K
}
Event: 188.621 GC heap after
{Heap after GC invocations=345 (full 3):
 PSYoungGen      total 6656K, used 1818K [0x00000000d5580000, 0x00000000d6180000, 0x0000000100000000)
  eden space 4608K, 0% used [0x00000000d5580000,0x00000000d5580000,0x00000000d5a00000)
  from space 2048K, 88% used [0x00000000d5f80000,0x00000000d6146900,0x00000000d6180000)
  to   space 2560K, 0% used [0x00000000d5c80000,0x00000000d5c80000,0x00000000d5f00000)
 ParOldGen       total 813568K, used 813077K [0x0000000080000000, 0x00000000b1a80000, 0x00000000d5580000)
  object space 813568K, 99% used [0x0000000080000000,0x00000000b1a055f0,0x00000000b1a80000)
 Metaspace       used 71590K, committed 73280K, reserved 1114112K
  class space    used 7552K, committed 8320K, reserved 1048576K
}
Event: 188.741 GC heap before
{Heap before GC invocations=346 (full 3):
 PSYoungGen      total 6656K, used 6336K [0x00000000d5580000, 0x00000000d6180000, 0x0000000100000000)
  eden space 4608K, 98% used [0x00000000d5580000,0x00000000d59e9988,0x00000000d5a00000)
  from space 2048K, 88% used [0x00000000d5f80000,0x00000000d6146900,0x00000000d6180000)
  to   space 2560K, 0% used [0x00000000d5c80000,0x00000000d5c80000,0x00000000d5f00000)
 ParOldGen       total 813568K, used 813077K [0x0000000080000000, 0x00000000b1a80000, 0x00000000d5580000)
  object space 813568K, 99% used [0x0000000080000000,0x00000000b1a055f0,0x00000000b1a80000)
 Metaspace       used 71629K, committed 73344K, reserved 1114112K
  class space    used 7552K, committed 8320K, reserved 1048576K
}
Event: 188.748 GC heap after
{Heap after GC invocations=346 (full 3):
 PSYoungGen      total 6656K, used 1904K [0x00000000d5580000, 0x00000000d6000000, 0x0000000100000000)
  eden space 4608K, 0% used [0x00000000d5580000,0x00000000d5580000,0x00000000d5a00000)
  from space 2048K, 92% used [0x00000000d5c80000,0x00000000d5e5c000,0x00000000d5e80000)
  to   space 1536K, 0% used [0x00000000d5e80000,0x00000000d5e80000,0x00000000d6000000)
 ParOldGen       total 815104K, used 814758K [0x0000000080000000, 0x00000000b1c00000, 0x00000000d5580000)
  object space 815104K, 99% used [0x0000000080000000,0x00000000b1ba9830,0x00000000b1c00000)
 Metaspace       used 71629K, committed 73344K, reserved 1114112K
  class space    used 7552K, committed 8320K, reserved 1048576K
}
Event: 188.841 GC heap before
{Heap before GC invocations=347 (full 3):
 PSYoungGen      total 6656K, used 6512K [0x00000000d5580000, 0x00000000d6000000, 0x0000000100000000)
  eden space 4608K, 100% used [0x00000000d5580000,0x00000000d5a00000,0x00000000d5a00000)
  from space 2048K, 92% used [0x00000000d5c80000,0x00000000d5e5c000,0x00000000d5e80000)
  to   space 1536K, 0% used [0x00000000d5e80000,0x00000000d5e80000,0x00000000d6000000)
 ParOldGen       total 846848K, used 845478K [0x0000000080000000, 0x00000000b3b00000, 0x00000000d5580000)
  object space 846848K, 99% used [0x0000000080000000,0x00000000b39a9860,0x00000000b3b00000)
 Metaspace       used 71648K, committed 73344K, reserved 1114112K
  class space    used 7552K, committed 8320K, reserved 1048576K
}
Event: 188.847 GC heap after
{Heap after GC invocations=347 (full 3):
 PSYoungGen      total 5120K, used 1536K [0x00000000d5580000, 0x00000000d6500000, 0x0000000100000000)
  eden space 3584K, 0% used [0x00000000d5580000,0x00000000d5580000,0x00000000d5900000)
  from space 1536K, 100% used [0x00000000d5e80000,0x00000000d6000000,0x00000000d6000000)
  to   space 5632K, 0% used [0x00000000d5900000,0x00000000d5900000,0x00000000d5e80000)
 ParOldGen       total 849408K, used 848902K [0x0000000080000000, 0x00000000b3d80000, 0x00000000d5580000)
  object space 849408K, 99% used [0x0000000080000000,0x00000000b3d018a0,0x00000000b3d80000)
 Metaspace       used 71648K, committed 73344K, reserved 1114112K
  class space    used 7552K, committed 8320K, reserved 1048576K
}

Dll operation events (11 events):
Event: 0.039 Loaded shared library c:\Users\esteb\.vscode\extensions\redhat.java-1.53.0-win32-x64\jre\21.0.10-win32-x86_64\bin\java.dll
Event: 0.334 Loaded shared library c:\Users\esteb\.vscode\extensions\redhat.java-1.53.0-win32-x64\jre\21.0.10-win32-x86_64\bin\zip.dll
Event: 0.425 Loaded shared library C:\Users\esteb\.vscode\extensions\redhat.java-1.53.0-win32-x64\jre\21.0.10-win32-x86_64\bin\instrument.dll
Event: 0.442 Loaded shared library C:\Users\esteb\.vscode\extensions\redhat.java-1.53.0-win32-x64\jre\21.0.10-win32-x86_64\bin\net.dll
Event: 0.447 Loaded shared library C:\Users\esteb\.vscode\extensions\redhat.java-1.53.0-win32-x64\jre\21.0.10-win32-x86_64\bin\nio.dll
Event: 0.455 Loaded shared library C:\Users\esteb\.vscode\extensions\redhat.java-1.53.0-win32-x64\jre\21.0.10-win32-x86_64\bin\zip.dll
Event: 0.578 Loaded shared library C:\Users\esteb\.vscode\extensions\redhat.java-1.53.0-win32-x64\jre\21.0.10-win32-x86_64\bin\jimage.dll
Event: 0.876 Loaded shared library c:\Users\esteb\.vscode\extensions\redhat.java-1.53.0-win32-x64\jre\21.0.10-win32-x86_64\bin\verify.dll
Event: 21.591 Loaded shared library C:\Users\esteb\AppData\Roaming\Code\User\globalStorage\redhat.java\1.53.0\config_win\org.eclipse.equinox.launcher\org.eclipse.equinox.launcher.win32.win32.x86_64_1.3.0.v20260203-2149\eclipse_11919.dll
Event: 46.140 Loaded shared library C:\Users\esteb\AppData\Local\Temp\jna-96816291\jna16596082008827367393.dll
Event: 64.780 Loaded shared library C:\Users\esteb\.vscode\extensions\redhat.java-1.53.0-win32-x64\jre\21.0.10-win32-x86_64\bin\sunmscapi.dll

Deoptimization events (20 events):
Event: 186.179 Thread 0x0000016e0ba8f320 DEOPT PACKING pc=0x0000016daf6b8d83 sp=0x0000003d6dafd440
Event: 186.180 Thread 0x0000016e0ba8f320 DEOPT UNPACKING pc=0x0000016db5644242 sp=0x0000003d6dafc8f0 mode 0
Event: 186.394 Thread 0x0000016e0ba8bea0 Uncommon trap: trap_request=0xffffff45 fr.pc=0x0000016db61b9be8 relative=0x0000000000000dc8
Event: 186.394 Thread 0x0000016e0ba8bea0 Uncommon trap: reason=unstable_if action=reinterpret pc=0x0000016db61b9be8 method=org.eclipse.jdt.internal.core.index.DiskIndex.readStreamChars(Ljava/io/InputStream;)[C @ 102 c2
Event: 186.394 Thread 0x0000016e0ba8bea0 DEOPT PACKING pc=0x0000016db61b9be8 sp=0x0000003d6dbfea60
Event: 186.394 Thread 0x0000016e0ba8bea0 DEOPT UNPACKING pc=0x0000016db5643aa2 sp=0x0000003d6dbfe9d8 mode 2
Event: 187.083 Thread 0x0000016e0ba8cbc0 Uncommon trap: trap_request=0xffffffd6 fr.pc=0x0000016db63ee1d0 relative=0x0000000000000810
Event: 187.083 Thread 0x0000016e0ba8cbc0 Uncommon trap: reason=array_check action=maybe_recompile pc=0x0000016db63ee1d0 method=com.google.gson.internal.GsonTypes$ParameterizedTypeImpl.<init>(Ljava/lang/reflect/Type;Ljava/lang/Class;[Ljava/lang/reflect/Type;)V @ 136 c2
Event: 187.083 Thread 0x0000016e0ba8cbc0 DEOPT PACKING pc=0x0000016db63ee1d0 sp=0x0000003d6d8fe530
Event: 187.083 Thread 0x0000016e0ba8cbc0 DEOPT UNPACKING pc=0x0000016db5643aa2 sp=0x0000003d6d8fe460 mode 2
Event: 187.943 Thread 0x0000016e0ba8cbc0 DEOPT PACKING pc=0x0000016daf9512bf sp=0x0000003d6d8fd650
Event: 187.943 Thread 0x0000016e0ba8cbc0 DEOPT UNPACKING pc=0x0000016db5644242 sp=0x0000003d6d8fcae0 mode 0
Event: 188.020 Thread 0x0000016e0bbc44b0 Uncommon trap: trap_request=0xffffffd6 fr.pc=0x0000016db63ee1d0 relative=0x0000000000000810
Event: 188.020 Thread 0x0000016e0bbc44b0 Uncommon trap: reason=array_check action=maybe_recompile pc=0x0000016db63ee1d0 method=com.google.gson.internal.GsonTypes$ParameterizedTypeImpl.<init>(Ljava/lang/reflect/Type;Ljava/lang/Class;[Ljava/lang/reflect/Type;)V @ 136 c2
Event: 188.020 Thread 0x0000016e0bbc44b0 DEOPT PACKING pc=0x0000016db63ee1d0 sp=0x0000003d6ddfe1a0
Event: 188.020 Thread 0x0000016e0bbc44b0 DEOPT UNPACKING pc=0x0000016db5643aa2 sp=0x0000003d6ddfe0d0 mode 2
Event: 188.369 Thread 0x0000016e04654210 DEOPT PACKING pc=0x0000016dafa6963f sp=0x0000003d6cbfcf70
Event: 188.369 Thread 0x0000016e04654210 DEOPT UNPACKING pc=0x0000016db5644242 sp=0x0000003d6cbfc458 mode 0
Event: 188.732 Thread 0x0000016e0bfc1a50 DEOPT PACKING pc=0x0000016daeb540de sp=0x0000003d6eafd390
Event: 188.732 Thread 0x0000016e0bfc1a50 DEOPT UNPACKING pc=0x0000016db5644242 sp=0x0000003d6eafc890 mode 0

Classes loaded (20 events):
Event: 75.846 Loading class java/util/concurrent/ArrayBlockingQueue
Event: 75.849 Loading class java/util/concurrent/ArrayBlockingQueue done
Event: 76.835 Loading class sun/nio/cs/ISO_8859_1$Decoder
Event: 76.836 Loading class sun/nio/cs/ISO_8859_1$Decoder done
Event: 77.413 Loading class java/nio/BufferMismatch
Event: 77.417 Loading class java/nio/BufferMismatch done
Event: 77.418 Loading class java/nio/file/attribute/PosixFileAttributes
Event: 77.418 Loading class java/nio/file/attribute/PosixFileAttributes done
Event: 77.683 Loading class java/util/ImmutableCollections$SubList
Event: 77.684 Loading class java/util/ImmutableCollections$SubList done
Event: 78.118 Loading class java/util/stream/ReduceOps$1
Event: 78.119 Loading class java/util/stream/ReduceOps$1 done
Event: 78.119 Loading class java/util/stream/ReduceOps$1ReducingSink
Event: 78.119 Loading class java/util/stream/ReduceOps$1ReducingSink done
Event: 89.102 Loading class java/util/Spliterators$IntArraySpliterator
Event: 89.104 Loading class java/util/Spliterators$IntArraySpliterator done
Event: 130.354 Loading class java/util/concurrent/ConcurrentHashMap$TreeNode
Event: 130.362 Loading class java/util/concurrent/ConcurrentHashMap$TreeNode done
Event: 130.363 Loading class java/util/concurrent/ConcurrentHashMap$TreeBin
Event: 130.371 Loading class java/util/concurrent/ConcurrentHashMap$TreeBin done

Classes unloaded (7 events):
Event: 47.882 Thread 0x0000016daae314b0 Unloading class 0x0000016dc31a8c00 'java/lang/invoke/LambdaForm$MH+0x0000016dc31a8c00'
Event: 47.883 Thread 0x0000016daae314b0 Unloading class 0x0000016dc31a8800 'java/lang/invoke/LambdaForm$MH+0x0000016dc31a8800'
Event: 47.883 Thread 0x0000016daae314b0 Unloading class 0x0000016dc31a8400 'java/lang/invoke/LambdaForm$MH+0x0000016dc31a8400'
Event: 47.883 Thread 0x0000016daae314b0 Unloading class 0x0000016dc31a8000 'java/lang/invoke/LambdaForm$MH+0x0000016dc31a8000'
Event: 47.883 Thread 0x0000016daae314b0 Unloading class 0x0000016dc31a7c00 'java/lang/invoke/LambdaForm$BMH+0x0000016dc31a7c00'
Event: 47.883 Thread 0x0000016daae314b0 Unloading class 0x0000016dc31a7800 'java/lang/invoke/LambdaForm$DMH+0x0000016dc31a7800'
Event: 47.883 Thread 0x0000016daae314b0 Unloading class 0x0000016dc31a6400 'java/lang/invoke/LambdaForm$DMH+0x0000016dc31a6400'

Classes redefined (0 events):
No events

Internal exceptions (20 events):
Event: 88.727 Thread 0x0000016e0ba8cbc0 Exception <a 'java/lang/ArrayIndexOutOfBoundsException'{0x00000000d565fdf8}: Index 847 out of bounds for length 847> (0x00000000d565fdf8) 
thrown [s\src\hotspot\share\interpreter\interpreterRuntime.cpp, line 439]
Event: 88.727 Thread 0x0000016e0ba8cbc0 Exception <a 'java/lang/ArrayIndexOutOfBoundsException'{0x00000000d5660420}: Index 847 out of bounds for length 847> (0x00000000d5660420) 
thrown [s\src\hotspot\share\interpreter\interpreterRuntime.cpp, line 439]
Event: 88.727 Thread 0x0000016e0ba8cbc0 Exception <a 'java/lang/ArrayIndexOutOfBoundsException'{0x00000000d5660798}: Index 848 out of bounds for length 847> (0x00000000d5660798) 
thrown [s\src\hotspot\share\interpreter\interpreterRuntime.cpp, line 439]
Event: 89.558 Thread 0x0000016e0ba8cbc0 Exception <a 'java/lang/IncompatibleClassChangeError'{0x00000000d55b44a8}: Found class java.lang.Object, but interface was expected> (0x00000000d55b44a8) 
thrown [s\src\hotspot\share\interpreter\linkResolver.cpp, line 840]
Event: 90.656 Thread 0x0000016e04655c50 Exception <a 'sun/nio/fs/WindowsException'{0x00000000d56a22f0}> (0x00000000d56a22f0) 
thrown [s\src\hotspot\share\prims\jni.cpp, line 520]
Event: 93.352 Thread 0x0000016e04655c50 Exception <a 'sun/nio/fs/WindowsException'{0x00000000d56b3d10}> (0x00000000d56b3d10) 
thrown [s\src\hotspot\share\prims\jni.cpp, line 520]
Event: 93.434 Thread 0x0000016e0ba8d8e0 Implicit null exception at 0x0000016db61d299c to 0x0000016db61d2efc
Event: 93.485 Thread 0x0000016e0ba8cbc0 Exception <a 'java/lang/IncompatibleClassChangeError'{0x00000000d56acc60}: Found class java.lang.Object, but interface was expected> (0x00000000d56acc60) 
thrown [s\src\hotspot\share\interpreter\linkResolver.cpp, line 840]
Event: 97.083 Thread 0x0000016e04655c50 Exception <a 'sun/nio/fs/WindowsException'{0x00000000d55e2640}> (0x00000000d55e2640) 
thrown [s\src\hotspot\share\prims\jni.cpp, line 520]
Event: 103.506 Thread 0x0000016e04655c50 Exception <a 'sun/nio/fs/WindowsException'{0x00000000d55ae358}> (0x00000000d55ae358) 
thrown [s\src\hotspot\share\prims\jni.cpp, line 520]
Event: 109.526 Thread 0x0000016e046548a0 Exception <a 'sun/nio/fs/WindowsException'{0x00000000d55d4050}> (0x00000000d55d4050) 
thrown [s\src\hotspot\share\prims\jni.cpp, line 520]
Event: 109.526 Thread 0x0000016e046548a0 Exception <a 'sun/nio/fs/WindowsException'{0x00000000d55d4680}> (0x00000000d55d4680) 
thrown [s\src\hotspot\share\prims\jni.cpp, line 520]
Event: 109.531 Thread 0x0000016e046548a0 Exception <a 'sun/nio/fs/WindowsException'{0x00000000d55e7600}> (0x00000000d55e7600) 
thrown [s\src\hotspot\share\prims\jni.cpp, line 520]
Event: 109.531 Thread 0x0000016e046548a0 Exception <a 'sun/nio/fs/WindowsException'{0x00000000d55e7c30}> (0x00000000d55e7c30) 
thrown [s\src\hotspot\share\prims\jni.cpp, line 520]
Event: 133.048 Thread 0x0000016e04655c50 Exception <a 'sun/nio/fs/WindowsException'{0x00000000d5687f98}> (0x00000000d5687f98) 
thrown [s\src\hotspot\share\prims\jni.cpp, line 520]
Event: 134.185 Thread 0x0000016e04655c50 Exception <a 'sun/nio/fs/WindowsException'{0x00000000d573b0c8}> (0x00000000d573b0c8) 
thrown [s\src\hotspot\share\prims\jni.cpp, line 520]
Event: 136.279 Thread 0x0000016e04655c50 Exception <a 'sun/nio/fs/WindowsException'{0x00000000d56dab58}> (0x00000000d56dab58) 
thrown [s\src\hotspot\share\prims\jni.cpp, line 520]
Event: 138.584 Thread 0x0000016e04655c50 Exception <a 'sun/nio/fs/WindowsException'{0x00000000d5765380}> (0x00000000d5765380) 
thrown [s\src\hotspot\share\prims\jni.cpp, line 520]
Event: 186.394 Thread 0x0000016e0ba8bea0 Implicit null exception at 0x0000016db61b94c9 to 0x0000016db61b9bb8
Event: 188.153 Thread 0x0000016e04655c50 Exception <a 'sun/nio/fs/WindowsException'{0x00000000d56b8c70}> (0x00000000d56b8c70) 
thrown [s\src\hotspot\share\prims\jni.cpp, line 520]

ZGC Phase Switch (0 events):
No events

VM Operations (20 events):
Event: 187.072 Executing safepoint VM operation: ParallelGCFailedAllocation (Allocation Failure)
Event: 187.082 Executing safepoint VM operation: ParallelGCFailedAllocation (Allocation Failure) done
Event: 187.542 Executing safepoint VM operation: ParallelGCFailedAllocation (Allocation Failure)
Event: 187.547 Executing safepoint VM operation: ParallelGCFailedAllocation (Allocation Failure) done
Event: 188.055 Executing safepoint VM operation: ParallelGCFailedAllocation (Allocation Failure)
Event: 188.060 Executing safepoint VM operation: ParallelGCFailedAllocation (Allocation Failure) done
Event: 188.212 Executing safepoint VM operation: ParallelGCFailedAllocation (Allocation Failure)
Event: 188.217 Executing safepoint VM operation: ParallelGCFailedAllocation (Allocation Failure) done
Event: 188.273 Executing safepoint VM operation: ParallelGCFailedAllocation (Allocation Failure)
Event: 188.281 Executing safepoint VM operation: ParallelGCFailedAllocation (Allocation Failure) done
Event: 188.353 Executing safepoint VM operation: ParallelGCFailedAllocation (Allocation Failure)
Event: 188.362 Executing safepoint VM operation: ParallelGCFailedAllocation (Allocation Failure) done
Event: 188.402 Executing safepoint VM operation: ParallelGCFailedAllocation (Allocation Failure)
Event: 188.413 Executing safepoint VM operation: ParallelGCFailedAllocation (Allocation Failure) done
Event: 188.608 Executing safepoint VM operation: ParallelGCFailedAllocation (Allocation Failure)
Event: 188.621 Executing safepoint VM operation: ParallelGCFailedAllocation (Allocation Failure) done
Event: 188.741 Executing safepoint VM operation: ParallelGCFailedAllocation (Allocation Failure)
Event: 188.748 Executing safepoint VM operation: ParallelGCFailedAllocation (Allocation Failure) done
Event: 188.841 Executing safepoint VM operation: ParallelGCFailedAllocation (Allocation Failure)
Event: 188.847 Executing safepoint VM operation: ParallelGCFailedAllocation (Allocation Failure) done

Memory protections (0 events):
No events

Nmethod flushes (20 events):
Event: 64.467 Thread 0x0000016daae314b0 flushing  nmethod 0x0000016daea50010
Event: 64.467 Thread 0x0000016daae314b0 flushing  nmethod 0x0000016daea52210
Event: 64.467 Thread 0x0000016daae314b0 flushing  nmethod 0x0000016daea53390
Event: 64.467 Thread 0x0000016daae314b0 flushing  nmethod 0x0000016daea53990
Event: 64.467 Thread 0x0000016daae314b0 flushing  nmethod 0x0000016daea54210
Event: 64.467 Thread 0x0000016daae314b0 flushing  nmethod 0x0000016daea5cb90
Event: 64.467 Thread 0x0000016daae314b0 flushing  nmethod 0x0000016daea6fe10
Event: 64.467 Thread 0x0000016daae314b0 flushing  nmethod 0x0000016daea76090
Event: 64.467 Thread 0x0000016daae314b0 flushing  nmethod 0x0000016daea79f90
Event: 64.467 Thread 0x0000016daae314b0 flushing  nmethod 0x0000016daea7ba90
Event: 64.467 Thread 0x0000016daae314b0 flushing  nmethod 0x0000016daea7cc90
Event: 64.467 Thread 0x0000016daae314b0 flushing  nmethod 0x0000016daea7dc10
Event: 64.467 Thread 0x0000016daae314b0 flushing  nmethod 0x0000016daea7f290
Event: 64.467 Thread 0x0000016daae314b0 flushing  nmethod 0x0000016daea80810
Event: 64.467 Thread 0x0000016daae314b0 flushing  nmethod 0x0000016daea80d10
Event: 64.467 Thread 0x0000016daae314b0 flushing  nmethod 0x0000016daea81210
Event: 64.467 Thread 0x0000016daae314b0 flushing  nmethod 0x0000016daea82290
Event: 64.467 Thread 0x0000016daae314b0 flushing  nmethod 0x0000016daeaa7890
Event: 64.467 Thread 0x0000016daae314b0 flushing  nmethod 0x0000016daeaa9e90
Event: 64.467 Thread 0x0000016daae314b0 flushing  nmethod 0x0000016daeabe190

Events (20 events):
Event: 75.735 Thread 0x0000016e046562e0 Thread added: 0x0000016e0bbc8650
Event: 75.850 Thread 0x0000016e046562e0 Thread added: 0x0000016e0bbc5860
Event: 76.803 Thread 0x0000016e046562e0 Thread added: 0x0000016e0bbc6580
Event: 76.803 Thread 0x0000016e046562e0 Thread added: 0x0000016e0bbc6c10
Event: 76.804 Thread 0x0000016e046562e0 Thread added: 0x0000016e0bbcadb0
Event: 76.804 Thread 0x0000016e046562e0 Thread added: 0x0000016e0bbcb440
Event: 76.804 Thread 0x0000016e046562e0 Thread added: 0x0000016e091e04c0
Event: 76.904 Thread 0x0000016e0bbcb440 Thread exited: 0x0000016e0bbcb440
Event: 76.904 Thread 0x0000016e0bbc6c10 Thread exited: 0x0000016e0bbc6c10
Event: 76.904 Thread 0x0000016e0bbcadb0 Thread exited: 0x0000016e0bbcadb0
Event: 76.904 Thread 0x0000016e091e04c0 Thread exited: 0x0000016e091e04c0
Event: 76.904 Thread 0x0000016e0bbc6580 Thread exited: 0x0000016e0bbc6580
Event: 78.863 Thread 0x0000016e04654210 Thread added: 0x0000016e0bbc6c10
Event: 80.654 Thread 0x0000016e04650d90 Thread added: 0x0000016e0bbcb440
Event: 90.210 Thread 0x0000016e046562e0 Thread added: 0x0000016e0bfc06a0
Event: 94.051 Thread 0x0000016e046548a0 Thread added: 0x0000016e0bfc3490
Event: 96.420 Thread 0x0000016e04650d90 Thread added: 0x0000016e0bfc1a50
Event: 132.386 Thread 0x0000016daae4aff0 Thread added: 0x0000016e14398820
Event: 132.718 Thread 0x0000016e14398820 Thread exited: 0x0000016e14398820
Event: 133.137 Thread 0x0000016e046548a0 Thread added: 0x0000016e0bfc20e0


Dynamic libraries:
0x00007ff788760000 - 0x00007ff78876e000 	c:\Users\esteb\.vscode\extensions\redhat.java-1.53.0-win32-x64\jre\21.0.10-win32-x86_64\bin\java.exe
0x00007ffb5e780000 - 0x00007ffb5e9e7000 	C:\WINDOWS\SYSTEM32\ntdll.dll
0x00007ffb5e370000 - 0x00007ffb5e439000 	C:\WINDOWS\System32\KERNEL32.DLL
0x00007ffb5b2b0000 - 0x00007ffb5b6a1000 	C:\WINDOWS\System32\KERNELBASE.dll
0x00007ffb5c3d0000 - 0x00007ffb5c51b000 	C:\WINDOWS\System32\ucrtbase.dll
0x00007ffb28300000 - 0x00007ffb28318000 	c:\Users\esteb\.vscode\extensions\redhat.java-1.53.0-win32-x64\jre\21.0.10-win32-x86_64\bin\jli.dll
0x00007ffb5e570000 - 0x00007ffb5e735000 	C:\WINDOWS\System32\USER32.dll
0x00007ffb4a080000 - 0x00007ffb4a313000 	C:\WINDOWS\WinSxS\amd64_microsoft.windows.common-controls_6595b64144ccf1df_6.0.26100.7922_none_3e089e1ee3342171\COMCTL32.dll
0x00007ffb2d230000 - 0x00007ffb2d24e000 	c:\Users\esteb\.vscode\extensions\redhat.java-1.53.0-win32-x64\jre\21.0.10-win32-x86_64\bin\VCRUNTIME140.dll
0x00007ffb5b280000 - 0x00007ffb5b2a7000 	C:\WINDOWS\System32\win32u.dll
0x00007ffb5e440000 - 0x00007ffb5e4e9000 	C:\WINDOWS\System32\msvcrt.dll
0x00007ffb5e1e0000 - 0x00007ffb5e20b000 	C:\WINDOWS\System32\GDI32.dll
0x00007ffb5b6b0000 - 0x00007ffb5b7da000 	C:\WINDOWS\System32\gdi32full.dll
0x00007ffb5b1d0000 - 0x00007ffb5b273000 	C:\WINDOWS\System32\msvcp_win.dll
0x00007ffb5c5d0000 - 0x00007ffb5c601000 	C:\WINDOWS\System32\IMM32.DLL
0x00007ffb2d320000 - 0x00007ffb2d32c000 	c:\Users\esteb\.vscode\extensions\redhat.java-1.53.0-win32-x64\jre\21.0.10-win32-x86_64\bin\vcruntime140_1.dll
0x00007ffab98d0000 - 0x00007ffab995d000 	c:\Users\esteb\.vscode\extensions\redhat.java-1.53.0-win32-x64\jre\21.0.10-win32-x86_64\bin\msvcp140.dll
0x00007ffa96920000 - 0x00007ffa976c1000 	c:\Users\esteb\.vscode\extensions\redhat.java-1.53.0-win32-x64\jre\21.0.10-win32-x86_64\bin\server\jvm.dll
0x00007ffb5d670000 - 0x00007ffb5d72b000 	C:\WINDOWS\System32\ADVAPI32.dll
0x00007ffb5e130000 - 0x00007ffb5e1d7000 	C:\WINDOWS\System32\sechost.dll
0x00007ffb5dd60000 - 0x00007ffb5de78000 	C:\WINDOWS\System32\RPCRT4.dll
0x00007ffb5d320000 - 0x00007ffb5d394000 	C:\WINDOWS\System32\WS2_32.dll
0x00007ffb5aec0000 - 0x00007ffb5af1e000 	C:\WINDOWS\SYSTEM32\POWRPROF.dll
0x00007ffb555c0000 - 0x00007ffb555f5000 	C:\WINDOWS\SYSTEM32\WINMM.dll
0x00007ffb580d0000 - 0x00007ffb580db000 	C:\WINDOWS\SYSTEM32\VERSION.dll
0x00007ffb5adf0000 - 0x00007ffb5ae04000 	C:\WINDOWS\SYSTEM32\UMPDC.dll
0x00007ffb59df0000 - 0x00007ffb59e0b000 	C:\WINDOWS\SYSTEM32\kernel.appcore.dll
0x00007ffb2d220000 - 0x00007ffb2d22a000 	c:\Users\esteb\.vscode\extensions\redhat.java-1.53.0-win32-x64\jre\21.0.10-win32-x86_64\bin\jimage.dll
0x00007ffb4eba0000 - 0x00007ffb4ede2000 	C:\WINDOWS\SYSTEM32\DBGHELP.DLL
0x00007ffb5cf90000 - 0x00007ffb5d312000 	C:\WINDOWS\System32\combase.dll
0x00007ffb5dc80000 - 0x00007ffb5dd57000 	C:\WINDOWS\System32\OLEAUT32.dll
0x00007ffb4a040000 - 0x00007ffb4a07b000 	C:\WINDOWS\SYSTEM32\dbgcore.DLL
0x00007ffb5ba20000 - 0x00007ffb5bac5000 	C:\WINDOWS\System32\bcryptPrimitives.dll
0x00007ffb282f0000 - 0x00007ffb282ff000 	c:\Users\esteb\.vscode\extensions\redhat.java-1.53.0-win32-x64\jre\21.0.10-win32-x86_64\bin\instrument.dll
0x00007ffb26ab0000 - 0x00007ffb26ad0000 	c:\Users\esteb\.vscode\extensions\redhat.java-1.53.0-win32-x64\jre\21.0.10-win32-x86_64\bin\java.dll
0x00007ffb5c7f0000 - 0x00007ffb5cf4f000 	C:\WINDOWS\System32\SHELL32.dll
0x00007ffb5b060000 - 0x00007ffb5b1ca000 	C:\WINDOWS\System32\wintypes.dll
0x00007ffb5bb60000 - 0x00007ffb5c3c4000 	C:\WINDOWS\System32\windows.storage.dll
0x00007ffb5e270000 - 0x00007ffb5e367000 	C:\WINDOWS\System32\SHCORE.dll
0x00007ffb5c780000 - 0x00007ffb5c7e7000 	C:\WINDOWS\System32\shlwapi.dll
0x00007ffb5af80000 - 0x00007ffb5afa9000 	C:\WINDOWS\SYSTEM32\profapi.dll
0x00007ffb23d70000 - 0x00007ffb23d88000 	c:\Users\esteb\.vscode\extensions\redhat.java-1.53.0-win32-x64\jre\21.0.10-win32-x86_64\bin\zip.dll
0x00007ffb26aa0000 - 0x00007ffb26ab0000 	C:\Users\esteb\.vscode\extensions\redhat.java-1.53.0-win32-x64\jre\21.0.10-win32-x86_64\bin\net.dll
0x00007ffb522c0000 - 0x00007ffb523e7000 	C:\WINDOWS\SYSTEM32\WINHTTP.dll
0x00007ffb5a360000 - 0x00007ffb5a3cb000 	C:\WINDOWS\system32\mswsock.dll
0x00007ffb238e0000 - 0x00007ffb238f6000 	C:\Users\esteb\.vscode\extensions\redhat.java-1.53.0-win32-x64\jre\21.0.10-win32-x86_64\bin\nio.dll
0x00007ffb238d0000 - 0x00007ffb238e0000 	c:\Users\esteb\.vscode\extensions\redhat.java-1.53.0-win32-x64\jre\21.0.10-win32-x86_64\bin\verify.dll
0x00007ffab8c10000 - 0x00007ffab8c55000 	C:\Users\esteb\AppData\Roaming\Code\User\globalStorage\redhat.java\1.53.0\config_win\org.eclipse.equinox.launcher\org.eclipse.equinox.launcher.win32.win32.x86_64_1.3.0.v20260203-2149\eclipse_11919.dll
0x00007ffb5df80000 - 0x00007ffb5e115000 	C:\WINDOWS\System32\ole32.dll
0x00007ffb5a640000 - 0x00007ffb5a65b000 	C:\WINDOWS\SYSTEM32\CRYPTSP.dll
0x00007ffb59d50000 - 0x00007ffb59d89000 	C:\WINDOWS\system32\rsaenh.dll
0x00007ffb5a410000 - 0x00007ffb5a442000 	C:\WINDOWS\SYSTEM32\USERENV.dll
0x00007ffb5af50000 - 0x00007ffb5af7a000 	C:\WINDOWS\SYSTEM32\bcrypt.dll
0x00007ffb5a660000 - 0x00007ffb5a66c000 	C:\WINDOWS\SYSTEM32\CRYPTBASE.dll
0x00007ffb597e0000 - 0x00007ffb59813000 	C:\WINDOWS\SYSTEM32\IPHLPAPI.DLL
0x00007ffb5cf60000 - 0x00007ffb5cf6a000 	C:\WINDOWS\System32\NSI.dll
0x00007ffaf9f50000 - 0x00007ffaf9f99000 	C:\Users\esteb\AppData\Local\Temp\jna-96816291\jna16596082008827367393.dll
0x00007ffb5d3f0000 - 0x00007ffb5d3f8000 	C:\WINDOWS\System32\PSAPI.DLL
0x00007ffb53630000 - 0x00007ffb5364d000 	C:\WINDOWS\SYSTEM32\dhcpcsvc6.DLL
0x00007ffb53490000 - 0x00007ffb534b3000 	C:\WINDOWS\SYSTEM32\dhcpcsvc.DLL
0x00007ffb2d1b0000 - 0x00007ffb2d1be000 	C:\Users\esteb\.vscode\extensions\redhat.java-1.53.0-win32-x64\jre\21.0.10-win32-x86_64\bin\sunmscapi.dll
0x00007ffb5b7e0000 - 0x00007ffb5b957000 	C:\WINDOWS\System32\CRYPT32.dll
0x00007ffb5a860000 - 0x00007ffb5a890000 	C:\WINDOWS\SYSTEM32\ncrypt.dll
0x00007ffb5a810000 - 0x00007ffb5a84f000 	C:\WINDOWS\SYSTEM32\NTASN1.dll

JVMTI agents:
c:\Users\esteb\.vscode\extensions\redhat.java-1.53.0-win32-x64\lombok\lombok-1.18.39-4050.jar path:c:\Users\esteb\.vscode\extensions\redhat.java-1.53.0-win32-x64\jre\21.0.10-win32-x86_64\bin\instrument.dll, loaded, initialized, instrumentlib options:none

dbghelp: loaded successfully - version: 4.0.5 - missing functions: none
symbol engine: initialized successfully - sym options: 0x614 - pdb path: .;c:\Users\esteb\.vscode\extensions\redhat.java-1.53.0-win32-x64\jre\21.0.10-win32-x86_64\bin;C:\WINDOWS\SYSTEM32;C:\WINDOWS\WinSxS\amd64_microsoft.windows.common-controls_6595b64144ccf1df_6.0.26100.7922_none_3e089e1ee3342171;c:\Users\esteb\.vscode\extensions\redhat.java-1.53.0-win32-x64\jre\21.0.10-win32-x86_64\bin\server;C:\Users\esteb\AppData\Roaming\Code\User\globalStorage\redhat.java\1.53.0\config_win\org.eclipse.equinox.launcher\org.eclipse.equinox.launcher.win32.win32.x86_64_1.3.0.v20260203-2149;C:\Users\esteb\AppData\Local\Temp\jna-96816291

VM Arguments:
jvm_args: --add-modules=ALL-SYSTEM --add-opens=java.base/java.util=ALL-UNNAMED --add-opens=java.base/java.lang=ALL-UNNAMED --add-opens=java.base/sun.nio.fs=ALL-UNNAMED -Declipse.application=org.eclipse.jdt.ls.core.id1 -Dosgi.bundles.defaultStartLevel=4 -Declipse.product=org.eclipse.jdt.ls.core.product -Djava.import.generatesMetadataFilesAtProjectRoot=false -DDetectVMInstallationsJob.disabled=true -Dfile.encoding=utf8 -XX:+UseParallelGC -XX:GCTimeRatio=4 -XX:AdaptiveSizePolicyWeight=90 -Dsun.zip.disableMemoryMapping=true -Xmx2G -Xms100m -Xlog:disable -javaagent:c:\Users\esteb\.vscode\extensions\redhat.java-1.53.0-win32-x64\lombok\lombok-1.18.39-4050.jar -XX:+HeapDumpOnOutOfMemoryError -XX:HeapDumpPath=c:\Users\esteb\AppData\Roaming\Code\User\workspaceStorage\c934bb2dc5cf452be0dac2205e61f36f\redhat.java -Daether.dependencyCollector.impl=bf 
java_command: c:\Users\esteb\.vscode\extensions\redhat.java-1.53.0-win32-x64\server\plugins\org.eclipse.equinox.launcher_1.7.100.v20251111-0406.jar -configuration c:\Users\esteb\AppData\Roaming\Code\User\globalStorage\redhat.java\1.53.0\config_win -data c:\Users\esteb\AppData\Roaming\Code\User\workspaceStorage\c934bb2dc5cf452be0dac2205e61f36f\redhat.java\jdt_ws --pipe=\\.\pipe\lsp-c612061ac69138119bc9af292708c4a0-sock
java_class_path (initial): c:\Users\esteb\.vscode\extensions\redhat.java-1.53.0-win32-x64\server\plugins\org.eclipse.equinox.launcher_1.7.100.v20251111-0406.jar
Launcher Type: SUN_STANDARD

[Global flags]
    uintx AdaptiveSizePolicyWeight                 = 90                                        {product} {command line}
     intx CICompilerCount                          = 4                                         {product} {ergonomic}
    uintx GCTimeRatio                              = 4                                         {product} {command line}
     bool HeapDumpOnOutOfMemoryError               = true                                   {manageable} {command line}
    ccstr HeapDumpPath                             = c:\Users\esteb\AppData\Roaming\Code\User\workspaceStorage\c934bb2dc5cf452be0dac2205e61f36f\redhat.java         {manageable} {command line}
   size_t InitialHeapSize                          = 104857600                                 {product} {command line}
   size_t MaxHeapSize                              = 2147483648                                {product} {command line}
   size_t MaxNewSize                               = 715653120                                 {product} {ergonomic}
   size_t MinHeapDeltaBytes                        = 524288                                    {product} {ergonomic}
   size_t MinHeapSize                              = 104857600                                 {product} {command line}
   size_t NewSize                                  = 34603008                                  {product} {ergonomic}
    uintx NonNMethodCodeHeapSize                   = 5839372                                {pd product} {ergonomic}
    uintx NonProfiledCodeHeapSize                  = 122909434                              {pd product} {ergonomic}
   size_t OldSize                                  = 70254592                                  {product} {ergonomic}
    uintx ProfiledCodeHeapSize                     = 122909434                              {pd product} {ergonomic}
    uintx ReservedCodeCacheSize                    = 251658240                              {pd product} {ergonomic}
     bool SegmentedCodeCache                       = true                                      {product} {ergonomic}
   size_t SoftMaxHeapSize                          = 2147483648                             {manageable} {ergonomic}
     bool UseCompressedOops                        = true                           {product lp64_product} {ergonomic}
     bool UseLargePagesIndividualAllocation        = false                                  {pd product} {ergonomic}
     bool UseParallelGC                            = true                                      {product} {command line}

Logging:
Log output configuration:
 #0: stdout all=off uptime,level,tags foldmultilines=false
 #1: stderr all=off uptime,level,tags foldmultilines=false

Release file:
JAVA_VERSION="21.0.10" 
MODULES="java.base java.compiler java.datatransfer java.xml java.prefs java.desktop java.instrument java.logging java.management java.security.sasl java.naming java.rmi java.management.rmi java.net.http java.scripting java.security.jgss java.transaction.xa java.sql java.sql.rowset java.xml.crypto java.se java.smartcardio jdk.accessibility jdk.internal.jvmstat jdk.attach jdk.charsets jdk.internal.opt jdk.zipfs jdk.compiler jdk.crypto.ec jdk.crypto.cryptoki jdk.crypto.mscapi jdk.dynalink jdk.internal.ed jdk.editpad jdk.hotspot.agent jdk.httpserver jdk.internal.le jdk.internal.vm.ci jdk.internal.vm.compiler jdk.internal.vm.compiler.management jdk.jartool jdk.javadoc jdk.jcmd jdk.management jdk.management.agent jdk.jconsole jdk.jdeps jdk.jdwp.agent jdk.jdi jdk.jfr jdk.jshell jdk.jsobject jdk.jstatd jdk.localedata jdk.management.jfr jdk.naming.dns jdk.naming.rmi jdk.net jdk.nio.mapmode jdk.random jdk.sctp jdk.security.auth jdk.security.jgss jdk.unsupported jdk.unsupported.desktop jdk.xml.dom" 

Environment Variables:
PATH=C:\Users\esteb\AppData\Local\Programs\Microsoft VS Code;C:\Program Files\Common Files\Oracle\Java\javapath;C:\Program Files (x86)\Common Files\Oracle\Java\javapath;C:\Program Files\Microsoft MPI\Bin\;C:\oraclexe\app\oracle\product\11.2.0\server\bin;C:\app\esteb\product\21c\dbhomeXE\bin;C:\Program Files (x86)\VMware\VMware Workstation\bin\;C:\WINDOWS\system32;C:\WINDOWS;C:\WINDOWS\System32\Wbem;C:\WINDOWS\System32\WindowsPowerShell\v1.0\;C:\WINDOWS\System32\OpenSSH\;C:\Program Files (x86)\Microsoft SQL Server\130\Tools\Binn\;C:\Program Files\Microsoft SQL Server\130\Tools\Binn\;C:\Program Files (x86)\Microsoft SQL Server\130\DTS\Binn\;C:\Program Files\Microsoft SQL Server\130\DTS\Binn\;C:\Program Files\Microsoft SQL Server\Client SDK\ODBC\130\Tools\Binn\;C:\Program Files (x86)\Microsoft SQL Server\160\DTS\Binn\;C:\Program Files\Git\cmd;C:\Users\esteb\AppData\Local\nvm;C:\nvm4w\nodejs;C:\Program Files\Maven\bin;C:\Users\esteb\AppData\Local\Microsoft\WindowsApps;C:\Users\esteb\AppData\Local\Programs\Microsoft VS Code\bin;C:\Program Files\MongoDB\Server\8.0\bin;C:\Program Files\MongoDB\mongosh-2.3.3-win32-x64\bin;C:\Users\esteb\dev\flutter\bin;C:\Users\esteb\AppData\Local\Packages\PythonSoftwareFoundation.Python.3.11_qbz5n2kfra8p0\LocalCache\local-packages\Python311\Scripts;C:\Users\esteb\AppData\Roaming\npm;C:\Users\esteb\AppData\Local\nvm;C:\nvm4w\nodejs
USERNAME=esteb
OS=Windows_NT
PROCESSOR_IDENTIFIER=AMD64 Family 23 Model 160 Stepping 0, AuthenticAMD
TMP=C:\Users\esteb\AppData\Local\Temp
TEMP=C:\Users\esteb\AppData\Local\Temp




Periodic native trim disabled

---------------  S Y S T E M  ---------------

OS:
 Windows 11 , 64 bit Build 26100 (10.0.26100.7920)
OS uptime: 0 days 11:57 hours
Hyper-V role detected

CPU: total 8 (initial active 8) (8 cores per cpu, 2 threads per core) family 23 model 160 stepping 0 microcode 0x8a00006, cx8, cmov, fxsr, ht, mmx, 3dnowpref, sse, sse2, sse3, ssse3, sse4a, sse4.1, sse4.2, popcnt, lzcnt, tsc, tscinvbit, avx, avx2, aes, clmul, bmi1, bmi2, adx, sha, fma, vzeroupper, clflush, clflushopt, hv, rdtscp, rdpid, f16c
Processor Information for processor 0
  Max Mhz: 2801, Current Mhz: 2483, Mhz Limit: 2801
Processor Information for processor 1
  Max Mhz: 2801, Current Mhz: 2483, Mhz Limit: 2801
Processor Information for processor 2
  Max Mhz: 2801, Current Mhz: 2483, Mhz Limit: 2801
Processor Information for processor 3
  Max Mhz: 2801, Current Mhz: 2483, Mhz Limit: 2801
Processor Information for processor 4
  Max Mhz: 2801, Current Mhz: 1981, Mhz Limit: 2801
Processor Information for processor 5
  Max Mhz: 2801, Current Mhz: 2483, Mhz Limit: 2801
Processor Information for processor 6
  Max Mhz: 2801, Current Mhz: 2483, Mhz Limit: 2801
Processor Information for processor 7
  Max Mhz: 2801, Current Mhz: 1981, Mhz Limit: 2801

Memory: 4k page, system-wide physical 7413M (278M free)
TotalPageFile size 29941M (AvailPageFile size 0M)
current process WorkingSet (physical memory assigned to process): 250M, peak: 562M
current process commit charge ("private bytes"): 1164M, peak: 1166M

vm_info: OpenJDK 64-Bit Server VM (21.0.10+7-LTS) for windows-amd64 JRE (21.0.10+7-LTS), built on 2026-01-20T00:00:00Z by "admin" with MS VC++ 17.12 (VS2022)

END.
