#
# There is insufficient memory for the Java Runtime Environment to continue.
# Native memory allocation (malloc) failed to allocate 1722704 bytes. Error detail: Chunk::new
# Possible reasons:
#   The system is out of physical RAM or swap space
#   This process is running with CompressedOops enabled, and the Java Heap may be blocking the growth of the native heap
# Possible solutions:
#   Reduce memory load on the system
#   Increase physical memory or swap space
#   Check if swap backing store is full
#   Decrease Java heap size (-Xmx/-Xms)
#   Decrease number of Java threads
#   Decrease Java thread stack sizes (-Xss)
#   Set larger code cache with -XX:ReservedCodeCacheSize=
#   JVM is running with Unscaled Compressed Oops mode in which the Java heap is
#     placed in the first 4GB address space. The Java Heap base address is the
#     maximum limit for the native heap growth. Please use -XX:HeapBaseMinAddress
#     to set the Java Heap base and to place the Java Heap above 4GB virtual address.
# This output file may be truncated or incomplete.
#
#  Out of Memory Error (arena.cpp:168), pid=25508, tid=25924
#
# JRE version: OpenJDK Runtime Environment Temurin-21.0.10+7 (21.0.10+7) (build 21.0.10+7-LTS)
# Java VM: OpenJDK 64-Bit Server VM Temurin-21.0.10+7 (21.0.10+7-LTS, mixed mode, sharing, tiered, compressed oops, compressed class ptrs, parallel gc, windows-amd64)
# No core dump will be written. Minidumps are not enabled by default on client versions of Windows
#

---------------  S U M M A R Y ------------

Command Line: --add-modules=ALL-SYSTEM --add-opens=java.base/java.util=ALL-UNNAMED --add-opens=java.base/java.lang=ALL-UNNAMED --add-opens=java.base/sun.nio.fs=ALL-UNNAMED -Declipse.application=org.eclipse.jdt.ls.core.id1 -Dosgi.bundles.defaultStartLevel=4 -Declipse.product=org.eclipse.jdt.ls.core.product -Djava.import.generatesMetadataFilesAtProjectRoot=false -DDetectVMInstallationsJob.disabled=true -Dfile.encoding=utf8 -XX:+UseParallelGC -XX:GCTimeRatio=4 -XX:AdaptiveSizePolicyWeight=90 -Dsun.zip.disableMemoryMapping=true -Xmx2G -Xms100m -Xlog:disable -javaagent:c:\Users\esteb\.vscode\extensions\redhat.java-1.53.0-win32-x64\lombok\lombok-1.18.39-4050.jar -XX:+HeapDumpOnOutOfMemoryError -XX:HeapDumpPath=c:\Users\esteb\AppData\Roaming\Code\User\workspaceStorage\c934bb2dc5cf452be0dac2205e61f36f\redhat.java -Daether.dependencyCollector.impl=bf c:\Users\esteb\.vscode\extensions\redhat.java-1.53.0-win32-x64\server\plugins\org.eclipse.equinox.launcher_1.7.100.v20251111-0406.jar -configuration c:\Users\esteb\AppData\Roaming\Code\User\globalStorage\redhat.java\1.53.0\config_win -data c:\Users\esteb\AppData\Roaming\Code\User\workspaceStorage\c934bb2dc5cf452be0dac2205e61f36f\redhat.java\jdt_ws --pipe=\\.\pipe\lsp-05003623bbc1f6b6fdfcdd7efa3cc822-sock

Host: AMD Ryzen 5 7520U with Radeon Graphics         , 8 cores, 7G,  Windows 11 , 64 bit Build 26100 (10.0.26100.7920)
Time: Tue Mar 10 18:55:27 2026 SA Pacific Standard Time elapsed time: 39.416705 seconds (0d 0h 0m 39s)

---------------  T H R E A D  ---------------

Current thread (0x0000021ed7917b20):  JavaThread "C2 CompilerThread0" daemon [_thread_in_native, id=25924, stack(0x0000009de5d00000,0x0000009de5e00000) (1024K)]


Current CompileTask:
C2:39416 12196 %     4       org.lombokweb.asm.ClassReader::readCode @ 2187 (5117 bytes)

Stack: [0x0000009de5d00000,0x0000009de5e00000]
Native frames: (J=compiled Java code, j=interpreted, Vv=VM code, C=native code)
V  [jvm.dll+0x6d7a39]
V  [jvm.dll+0x8b4b26]
V  [jvm.dll+0x8b70de]
V  [jvm.dll+0x8b77c3]
V  [jvm.dll+0x284346]
V  [jvm.dll+0xc66ed]
V  [jvm.dll+0xc6c31]
V  [jvm.dll+0x3bec3b]
V  [jvm.dll+0x1e3f69]
V  [jvm.dll+0x24c6b3]
V  [jvm.dll+0x24bb40]
V  [jvm.dll+0x1cb34e]
V  [jvm.dll+0x25b85d]
V  [jvm.dll+0x259dea]
V  [jvm.dll+0x3f857e]
V  [jvm.dll+0x85f59d]
V  [jvm.dll+0x6d626d]
C  [ucrtbase.dll+0x37b0]
C  [KERNEL32.DLL+0x2e8d7]
C  [ntdll.dll+0x8c48c]


---------------  P R O C E S S  ---------------

Threads class SMR info:
_java_thread_list=0x0000021ef6ad2500, length=67, elements={
0x0000021ed797e540, 0x0000021ed7a3a6f0, 0x0000021ed7a3d120, 0x0000021ed78f5270,
0x0000021ed78f7db0, 0x0000021ed7902330, 0x0000021ed79083c0, 0x0000021ed7917b20,
0x0000021ed791af30, 0x0000021ed7908a50, 0x0000021ed7906980, 0x0000021ed7907d30,
0x0000021ed7907010, 0x0000021ed79090e0, 0x0000021ed7905c60, 0x0000021ed79076a0,
0x0000021ed79062f0, 0x0000021ef4cf3140, 0x0000021ef4cf09e0, 0x0000021ef4cf1070,
0x0000021ef4cefcc0, 0x0000021ef4cf37d0, 0x0000021ef4cf2420, 0x0000021ef4cf2ab0,
0x0000021ef4cf0350, 0x0000021ef4cf3e60, 0x0000021ef4cf1d90, 0x0000021ef4cf6c50,
0x0000021ef4cf5210, 0x0000021ef4cf58a0, 0x0000021ef4cf72e0, 0x0000021ef4cf4b80,
0x0000021ef4cf5f30, 0x0000021ef4cf65c0, 0x0000021ef4cf44f0, 0x0000021ef4d85ab0,
0x0000021ef4d84d90, 0x0000021ef4d84070, 0x0000021ef4d87b80, 0x0000021ef4d86140,
0x0000021ef4d867d0, 0x0000021ef4d84700, 0x0000021ef4d89c50, 0x0000021ef4d8a2e0,
0x0000021ef4d874f0, 0x0000021ef4d88f30, 0x0000021ef4d86e60, 0x0000021ef4d8b690,
0x0000021ef4d8b000, 0x0000021ef4d895c0, 0x0000021ef4d888a0, 0x0000021ef4d8a970,
0x0000021ef4d88210, 0x0000021ef4a67800, 0x0000021ef4a67170, 0x0000021ef4a68520,
0x0000021ef4a698d0, 0x0000021ef4a6c030, 0x0000021ef4a6ac80, 0x0000021ef4a68bb0,
0x0000021ef4a69240, 0x0000021ef4a6cd50, 0x0000021ef4a6e100, 0x0000021ef4a6e790,
0x0000021ef4a6d3e0, 0x0000021ef4a6da70, 0x0000021ef4cf1700
}

Java Threads: ( => current thread )
  0x0000021ed797e540 JavaThread "main"                              [_thread_blocked, id=25820, stack(0x0000009de5300000,0x0000009de5400000) (1024K)]
  0x0000021ed7a3a6f0 JavaThread "Reference Handler"          daemon [_thread_blocked, id=21980, stack(0x0000009de5700000,0x0000009de5800000) (1024K)]
  0x0000021ed7a3d120 JavaThread "Finalizer"                  daemon [_thread_blocked, id=14716, stack(0x0000009de5800000,0x0000009de5900000) (1024K)]
  0x0000021ed78f5270 JavaThread "Signal Dispatcher"          daemon [_thread_blocked, id=27628, stack(0x0000009de5900000,0x0000009de5a00000) (1024K)]
  0x0000021ed78f7db0 JavaThread "Attach Listener"            daemon [_thread_blocked, id=22012, stack(0x0000009de5a00000,0x0000009de5b00000) (1024K)]
  0x0000021ed7902330 JavaThread "Service Thread"             daemon [_thread_blocked, id=21928, stack(0x0000009de5b00000,0x0000009de5c00000) (1024K)]
  0x0000021ed79083c0 JavaThread "Monitor Deflation Thread"   daemon [_thread_blocked, id=27072, stack(0x0000009de5c00000,0x0000009de5d00000) (1024K)]
=>0x0000021ed7917b20 JavaThread "C2 CompilerThread0"         daemon [_thread_in_native, id=25924, stack(0x0000009de5d00000,0x0000009de5e00000) (1024K)]
  0x0000021ed791af30 JavaThread "C1 CompilerThread0"         daemon [_thread_blocked, id=5848, stack(0x0000009de5e00000,0x0000009de5f00000) (1024K)]
  0x0000021ed7908a50 JavaThread "Common-Cleaner"             daemon [_thread_blocked, id=24432, stack(0x0000009de5f00000,0x0000009de6000000) (1024K)]
  0x0000021ed7906980 JavaThread "Notification Thread"        daemon [_thread_blocked, id=26408, stack(0x0000009de6100000,0x0000009de6200000) (1024K)]
  0x0000021ed7907d30 JavaThread "Active Thread: Equinox Container: f55a324e-cec0-4d1b-b852-b37896d33fd1"        [_thread_blocked, id=26632, stack(0x0000009de6000000,0x0000009de6100000) (1024K)]
  0x0000021ed7907010 JavaThread "Refresh Thread: Equinox Container: f55a324e-cec0-4d1b-b852-b37896d33fd1" daemon [_thread_blocked, id=27120, stack(0x0000009de6a00000,0x0000009de6b00000) (1024K)]
  0x0000021ed79090e0 JavaThread "Framework Event Dispatcher: Equinox Container: f55a324e-cec0-4d1b-b852-b37896d33fd1" daemon [_thread_blocked, id=6860, stack(0x0000009de6b00000,0x0000009de6c00000) (1024K)]
  0x0000021ed7905c60 JavaThread "Start Level: Equinox Container: f55a324e-cec0-4d1b-b852-b37896d33fd1" daemon [_thread_blocked, id=27172, stack(0x0000009de6c00000,0x0000009de6d00000) (1024K)]
  0x0000021ed79076a0 JavaThread "Bundle File Closer"         daemon [_thread_blocked, id=20084, stack(0x0000009de6d00000,0x0000009de6e00000) (1024K)]
  0x0000021ed79062f0 JavaThread "SCR Component Actor"        daemon [_thread_blocked, id=324, stack(0x0000009de6e00000,0x0000009de6f00000) (1024K)]
  0x0000021ef4cf3140 JavaThread "Worker-JM"                         [_thread_blocked, id=1940, stack(0x0000009de6f00000,0x0000009de7000000) (1024K)]
  0x0000021ef4cf09e0 JavaThread "JNA Cleaner"                daemon [_thread_blocked, id=3600, stack(0x0000009de6800000,0x0000009de6900000) (1024K)]
  0x0000021ef4cf1070 JavaThread "Worker-0"                          [_thread_blocked, id=27188, stack(0x0000009de7000000,0x0000009de7100000) (1024K)]
  0x0000021ef4cefcc0 JavaThread "Worker-1"                          [_thread_blocked, id=25888, stack(0x0000009de7100000,0x0000009de7200000) (1024K)]
  0x0000021ef4cf37d0 JavaThread "Worker-2"                          [_thread_blocked, id=19204, stack(0x0000009de7200000,0x0000009de7300000) (1024K)]
  0x0000021ef4cf2420 JavaThread "Worker-3"                          [_thread_blocked, id=22636, stack(0x0000009de7400000,0x0000009de7500000) (1024K)]
  0x0000021ef4cf2ab0 JavaThread "Java indexing"              daemon [_thread_in_Java, id=7368, stack(0x0000009de7500000,0x0000009de7600000) (1024K)]
  0x0000021ef4cf0350 JavaThread "Worker-4"                          [_thread_blocked, id=26276, stack(0x0000009de7800000,0x0000009de7900000) (1024K)]
  0x0000021ef4cf3e60 JavaThread "Worker-5"                          [_thread_blocked, id=27448, stack(0x0000009de7900000,0x0000009de7a00000) (1024K)]
  0x0000021ef4cf1d90 JavaThread "Worker-6: Building"                [_thread_in_Java, id=2928, stack(0x0000009de7a00000,0x0000009de7b00000) (1024K)]
  0x0000021ef4cf6c50 JavaThread "Thread-1"                   daemon [_thread_in_native, id=7556, stack(0x0000009de7b00000,0x0000009de7c00000) (1024K)]
  0x0000021ef4cf5210 JavaThread "Thread-2"                   daemon [_thread_in_native, id=21588, stack(0x0000009de7c00000,0x0000009de7d00000) (1024K)]
  0x0000021ef4cf58a0 JavaThread "Thread-3"                   daemon [_thread_in_native, id=26332, stack(0x0000009de7d00000,0x0000009de7e00000) (1024K)]
  0x0000021ef4cf72e0 JavaThread "Thread-4"                   daemon [_thread_in_native, id=27116, stack(0x0000009de7e00000,0x0000009de7f00000) (1024K)]
  0x0000021ef4cf4b80 JavaThread "Thread-5"                   daemon [_thread_in_native, id=22588, stack(0x0000009de7f00000,0x0000009de8000000) (1024K)]
  0x0000021ef4cf5f30 JavaThread "Thread-6"                   daemon [_thread_in_native, id=27260, stack(0x0000009de8000000,0x0000009de8100000) (1024K)]
  0x0000021ef4cf65c0 JavaThread "Thread-7"                   daemon [_thread_in_native, id=26928, stack(0x0000009de8100000,0x0000009de8200000) (1024K)]
  0x0000021ef4cf44f0 JavaThread "Thread-8"                   daemon [_thread_in_native, id=27360, stack(0x0000009de8200000,0x0000009de8300000) (1024K)]
  0x0000021ef4d85ab0 JavaThread "Thread-9"                   daemon [_thread_in_native, id=21348, stack(0x0000009de8300000,0x0000009de8400000) (1024K)]
  0x0000021ef4d84d90 JavaThread "pool-2-thread-1"                   [_thread_blocked, id=2336, stack(0x0000009de8400000,0x0000009de8500000) (1024K)]
  0x0000021ef4d84070 JavaThread "WorkspaceEventsHandler"            [_thread_blocked, id=27036, stack(0x0000009de8500000,0x0000009de8600000) (1024K)]
  0x0000021ef4d87b80 JavaThread "pool-1-thread-1"                   [_thread_blocked, id=26204, stack(0x0000009de8600000,0x0000009de8700000) (1024K)]
  0x0000021ef4d86140 JavaThread "LocalFile Deleter"          daemon [_thread_blocked, id=27340, stack(0x0000009de8700000,0x0000009de8800000) (1024K)]
  0x0000021ef4d867d0 JavaThread "LocalFile Deleter"          daemon [_thread_blocked, id=21464, stack(0x0000009de8800000,0x0000009de8900000) (1024K)]
  0x0000021ef4d84700 JavaThread "LocalFile Deleter"          daemon [_thread_blocked, id=20240, stack(0x0000009de8900000,0x0000009de8a00000) (1024K)]
  0x0000021ef4d89c50 JavaThread "LocalFile Deleter"          daemon [_thread_blocked, id=27344, stack(0x0000009de8a00000,0x0000009de8b00000) (1024K)]
  0x0000021ef4d8a2e0 JavaThread "LocalFile Deleter"          daemon [_thread_blocked, id=9460, stack(0x0000009de8b00000,0x0000009de8c00000) (1024K)]
  0x0000021ef4d874f0 JavaThread "LocalFile Deleter"          daemon [_thread_blocked, id=17328, stack(0x0000009de8c00000,0x0000009de8d00000) (1024K)]
  0x0000021ef4d88f30 JavaThread "LocalFile Deleter"          daemon [_thread_blocked, id=21332, stack(0x0000009de8d00000,0x0000009de8e00000) (1024K)]
  0x0000021ef4d86e60 JavaThread "LocalFile Deleter"          daemon [_thread_blocked, id=5380, stack(0x0000009de8e00000,0x0000009de8f00000) (1024K)]
  0x0000021ef4d8b690 JavaThread "Compiler Source File Reader" daemon [_thread_blocked, id=26348, stack(0x0000009de8f00000,0x0000009de9000000) (1024K)]
  0x0000021ef4d8b000 JavaThread "Compiler Source File Reader" daemon [_thread_blocked, id=23676, stack(0x0000009de9000000,0x0000009de9100000) (1024K)]
  0x0000021ef4d895c0 JavaThread "Compiler Source File Reader" daemon [_thread_blocked, id=27456, stack(0x0000009de9100000,0x0000009de9200000) (1024K)]
  0x0000021ef4d888a0 JavaThread "Compiler Source File Reader" daemon [_thread_blocked, id=16632, stack(0x0000009de9200000,0x0000009de9300000) (1024K)]
  0x0000021ef4d8a970 JavaThread "Compiler Source File Reader" daemon [_thread_blocked, id=22688, stack(0x0000009de9300000,0x0000009de9400000) (1024K)]
  0x0000021ef4d88210 JavaThread "Compiler Source File Reader" daemon [_thread_blocked, id=21296, stack(0x0000009de9400000,0x0000009de9500000) (1024K)]
  0x0000021ef4a67800 JavaThread "Compiler Processing Task"   daemon [_thread_blocked, id=26872, stack(0x0000009de9500000,0x0000009de9600000) (1024K)]
  0x0000021ef4a67170 JavaThread "Compiler Class File Writer" daemon [_thread_blocked, id=16716, stack(0x0000009de7300000,0x0000009de7400000) (1024K)]
  0x0000021ef4a68520 JavaThread "Compiler Class File Writer" daemon [_thread_blocked, id=23660, stack(0x0000009de9600000,0x0000009de9700000) (1024K)]
  0x0000021ef4a698d0 JavaThread "Compiler Class File Writer" daemon [_thread_blocked, id=27488, stack(0x0000009de9700000,0x0000009de9800000) (1024K)]
  0x0000021ef4a6c030 JavaThread "Compiler Class File Writer" daemon [_thread_blocked, id=27632, stack(0x0000009de9800000,0x0000009de9900000) (1024K)]
  0x0000021ef4a6ac80 JavaThread "Compiler Class File Writer" daemon [_thread_blocked, id=26028, stack(0x0000009de9900000,0x0000009de9a00000) (1024K)]
  0x0000021ef4a68bb0 JavaThread "Compiler Class File Writer" daemon [_thread_blocked, id=24476, stack(0x0000009de9a00000,0x0000009de9b00000) (1024K)]
  0x0000021ef4a69240 JavaThread "ForkJoinPool.commonPool-worker-1" daemon [_thread_blocked, id=5212, stack(0x0000009de9b00000,0x0000009de9c00000) (1024K)]
  0x0000021ef4a6cd50 JavaThread "ForkJoinPool.commonPool-worker-2" daemon [_thread_blocked, id=13408, stack(0x0000009de9c00000,0x0000009de9d00000) (1024K)]
  0x0000021ef4a6e100 JavaThread "ForkJoinPool.commonPool-worker-3" daemon [_thread_blocked, id=27548, stack(0x0000009de9d00000,0x0000009de9e00000) (1024K)]
  0x0000021ef4a6e790 JavaThread "ForkJoinPool.commonPool-worker-4" daemon [_thread_blocked, id=26400, stack(0x0000009de9e00000,0x0000009de9f00000) (1024K)]
  0x0000021ef4a6d3e0 JavaThread "ForkJoinPool.commonPool-worker-5" daemon [_thread_blocked, id=18624, stack(0x0000009de9f00000,0x0000009dea000000) (1024K)]
  0x0000021ef4a6da70 JavaThread "ForkJoinPool.commonPool-worker-6" daemon [_thread_blocked, id=27580, stack(0x0000009dea000000,0x0000009dea100000) (1024K)]
  0x0000021ef4cf1700 JavaThread "ForkJoinPool.commonPool-worker-7" daemon [_thread_blocked, id=18924, stack(0x0000009dea100000,0x0000009dea200000) (1024K)]
Total: 67

Other Threads:
  0x0000021ed7a1e9b0 VMThread "VM Thread"                           [id=23008, stack(0x0000009de5600000,0x0000009de5700000) (1024K)]
  0x0000021ed780ca00 WatcherThread "VM Periodic Task Thread"        [id=27264, stack(0x0000009de5500000,0x0000009de5600000) (1024K)]
  0x0000021ed799c7c0 WorkerThread "GC Thread#0"                     [id=6716, stack(0x0000009de5400000,0x0000009de5500000) (1024K)]
  0x0000021ef474b050 WorkerThread "GC Thread#1"                     [id=5624, stack(0x0000009de6200000,0x0000009de6300000) (1024K)]
  0x0000021ef4290e10 WorkerThread "GC Thread#2"                     [id=24500, stack(0x0000009de6300000,0x0000009de6400000) (1024K)]
  0x0000021ef42911c0 WorkerThread "GC Thread#3"                     [id=27184, stack(0x0000009de6400000,0x0000009de6500000) (1024K)]
  0x0000021ef47f28c0 WorkerThread "GC Thread#4"                     [id=22324, stack(0x0000009de6500000,0x0000009de6600000) (1024K)]
  0x0000021ef47f6d60 WorkerThread "GC Thread#5"                     [id=14112, stack(0x0000009de6600000,0x0000009de6700000) (1024K)]
  0x0000021ef47f7110 WorkerThread "GC Thread#6"                     [id=5436, stack(0x0000009de6700000,0x0000009de6800000) (1024K)]
  0x0000021ef457ec10 WorkerThread "GC Thread#7"                     [id=27136, stack(0x0000009de6900000,0x0000009de6a00000) (1024K)]
Total: 10

Threads with active compile tasks:
C2 CompilerThread0  39484 12196 %     4       org.lombokweb.asm.ClassReader::readCode @ 2187 (5117 bytes)
Total: 1

VM state: at safepoint (normal execution)

VM Mutex/Monitor currently owned by a thread:  ([mutex/lock_event])
[0x00007ffa975de560] Threads_lock - owner thread: 0x0000021ed7a1e9b0
[0x00007ffa975de660] Heap_lock - owner thread: 0x0000021ef4cf2ab0

Heap address: 0x0000000080000000, size: 2048 MB, Compressed Oops mode: 32-bit

CDS archive(s) mapped at: [0x0000021e80000000-0x0000021e80ba0000-0x0000021e80ba0000), size 12189696, SharedBaseAddress: 0x0000021e80000000, ArchiveRelocationMode: 1.
Compressed class space mapped at: 0x0000021e81000000-0x0000021ec1000000, reserved size: 1073741824
Narrow klass base: 0x0000021e80000000, Narrow klass shift: 0, Narrow klass range: 0x100000000

GC Precious Log:
 CardTable entry size: 512
 CPUs: 8 total, 8 available
 Memory: 7413M
 Large Page Support: Disabled
 NUMA Support: Disabled
 Compressed Oops: Enabled (32-bit)
 Alignments: Space 512K, Generation 512K, Heap 2M
 Heap Min Capacity: 100M
 Heap Initial Capacity: 100M
 Heap Max Capacity: 2G
 Pre-touch: Disabled
 Parallel Workers: 8

Heap:
 PSYoungGen      total 1536K, used 1472K [0x00000000d5580000, 0x00000000d5880000, 0x0000000100000000)
  eden space 1024K, 100% used [0x00000000d5580000,0x00000000d5680000,0x00000000d5680000)
  from space 512K, 87% used [0x00000000d5800000,0x00000000d5870000,0x00000000d5880000)
  to   space 512K, 100% used [0x00000000d5680000,0x00000000d5700000,0x00000000d5700000)
 ParOldGen       total 298496K, used 298307K [0x0000000080000000, 0x0000000092380000, 0x00000000d5580000)
  object space 298496K, 99% used [0x0000000080000000,0x0000000092352f10,0x0000000092380000)
 Metaspace       used 69989K, committed 71552K, reserved 1114112K
  class space    used 7388K, committed 8064K, reserved 1048576K

Card table byte_map: [0x0000021ed7320000,0x0000021ed7730000] _byte_map_base: 0x0000021ed6f20000

Marking Bits: (ParMarkBitMap*) 0x00007ffa975e3450
 Begin Bits: [0x0000021ee9e30000, 0x0000021eebe30000)
 End Bits:   [0x0000021eebe30000, 0x0000021eede30000)

Polling page: 0x0000021ed5740000

Metaspace:

Usage:
  Non-class:     61.13 MB used.
      Class:      7.22 MB used.
       Both:     68.35 MB used.

Virtual space:
  Non-class space:       64.00 MB reserved,      62.00 MB ( 97%) committed,  1 nodes.
      Class space:        1.00 GB reserved,       7.88 MB ( <1%) committed,  1 nodes.
             Both:        1.06 GB reserved,      69.88 MB (  6%) committed. 

Chunk freelists:
   Non-Class:  1.73 MB
       Class:  8.11 MB
        Both:  9.84 MB

MaxMetaspaceSize: unlimited
CompressedClassSpaceSize: 1.00 GB
Initial GC threshold: 21.00 MB
Current GC threshold: 97.31 MB
CDS: on
 - commit_granule_bytes: 65536.
 - commit_granule_words: 8192.
 - virtual_space_node_default_size: 8388608.
 - enlarge_chunks_in_place: 1.
 - use_allocation_guard: 0.


Internal statistics:

num_allocs_failed_limit: 9.
num_arena_births: 1280.
num_arena_deaths: 18.
num_vsnodes_births: 2.
num_vsnodes_deaths: 0.
num_space_committed: 1118.
num_space_uncommitted: 0.
num_chunks_returned_to_freelist: 29.
num_chunks_taken_from_freelist: 4796.
num_chunk_merges: 14.
num_chunk_splits: 2819.
num_chunks_enlarged: 1417.
num_inconsistent_stats: 0.

CodeHeap 'non-profiled nmethods': size=120000Kb used=6653Kb max_used=6653Kb free=113346Kb
 bounds [0x0000021ee2650000, 0x0000021ee2cd0000, 0x0000021ee9b80000]
CodeHeap 'profiled nmethods': size=120000Kb used=24727Kb max_used=24727Kb free=95272Kb
 bounds [0x0000021edab80000, 0x0000021edc3b0000, 0x0000021ee20b0000]
CodeHeap 'non-nmethods': size=5760Kb used=1460Kb max_used=1563Kb free=4299Kb
 bounds [0x0000021ee20b0000, 0x0000021ee2320000, 0x0000021ee2650000]
CodeCache: size=245760Kb, used=32840Kb, max_used=32943Kb, free=212917Kb
 total_blobs=12258, nmethods=11474, adapters=688, full_count=0
Compilation: enabled, stopped_count=0, restarted_count=0

Compilation events (20 events):
Event: 38.163 Thread 0x0000021ed791af30 12312       2       org.codehaus.plexus.util.xml.Xpp3Dom::mergeXpp3Dom (14 bytes)
Event: 38.164 Thread 0x0000021ed791af30 nmethod 12312 0x0000021edc3a1110 code [0x0000021edc3a12c0, 0x0000021edc3a1408]
Event: 38.164 Thread 0x0000021ed791af30 12313       2       org.eclipse.aether.AbstractForwardingRepositorySystemSession::getLocalRepository (10 bytes)
Event: 38.164 Thread 0x0000021ed791af30 nmethod 12313 0x0000021edc3a1490 code [0x0000021edc3a1640, 0x0000021edc3a17b8]
Event: 38.175 Thread 0x0000021ed791af30 12314       3       ch.qos.logback.classic.Logger::filterAndLog_0_Or3Plus (61 bytes)
Event: 38.176 Thread 0x0000021ed791af30 nmethod 12314 0x0000021edc3a1910 code [0x0000021edc3a1b00, 0x0000021edc3a1e28]
Event: 38.176 Thread 0x0000021ed791af30 12315       3       ch.qos.logback.classic.LoggerContext::getTurboFilterChainDecision_0_3OrMore (31 bytes)
Event: 38.177 Thread 0x0000021ed791af30 nmethod 12315 0x0000021edc3a1f90 code [0x0000021edc3a2160, 0x0000021edc3a2420]
Event: 38.181 Thread 0x0000021ed791af30 12316       3       org.eclipse.jdt.core.dom.ASTNode::accept (40 bytes)
Event: 38.182 Thread 0x0000021ed791af30 nmethod 12316 0x0000021edc3a2590 code [0x0000021edc3a2780, 0x0000021edc3a2cd8]
Event: 38.182 Thread 0x0000021ed791af30 12317       3       lombok.launch.PatchFixesHider$PatchFixes::isBlockedVisitorAndGenerated (59 bytes)
Event: 38.182 Thread 0x0000021ed791af30 nmethod 12317 0x0000021edc3a2e90 code [0x0000021edc3a30e0, 0x0000021edc3a36e8]
Event: 38.232 Thread 0x0000021ed791af30 12319       2       java.util.LinkedHashMap::keySet (5 bytes)
Event: 38.232 Thread 0x0000021ed791af30 nmethod 12319 0x0000021edc3a3990 code [0x0000021edc3a3b40, 0x0000021edc3a3c68]
Event: 38.234 Thread 0x0000021ed791af30 12320       3       java.time.Clock::currentInstant (84 bytes)
Event: 38.235 Thread 0x0000021ed791af30 nmethod 12320 0x0000021edc3a3d10 code [0x0000021edc3a3f80, 0x0000021edc3a4750]
Event: 38.541 Thread 0x0000021ed791af30 12321       2       java.lang.Thread::checkAccess (14 bytes)
Event: 38.541 Thread 0x0000021ed791af30 nmethod 12321 0x0000021edc3a4a90 code [0x0000021edc3a4c20, 0x0000021edc3a4d28]
Event: 38.542 Thread 0x0000021ed791af30 12322       2       org.eclipse.jdt.internal.core.index.Index::hasChanged (8 bytes)
Event: 38.542 Thread 0x0000021ed791af30 nmethod 12322 0x0000021edc3a4e10 code [0x0000021edc3a4fa0, 0x0000021edc3a50d0]

GC Heap History (20 events):
Event: 37.907 GC heap before
{Heap before GC invocations=193 (full 3):
 PSYoungGen      total 3072K, used 2218K [0x00000000d5580000, 0x00000000d5980000, 0x0000000100000000)
  eden space 2048K, 98% used [0x00000000d5580000,0x00000000d577aba0,0x00000000d5780000)
  from space 1024K, 18% used [0x00000000d5800000,0x00000000d5830000,0x00000000d5900000)
  to   space 512K, 0% used [0x00000000d5900000,0x00000000d5900000,0x00000000d5980000)
 ParOldGen       total 230400K, used 230013K [0x0000000080000000, 0x000000008e100000, 0x00000000d5580000)
  object space 230400K, 99% used [0x0000000080000000,0x000000008e09f5b0,0x000000008e100000)
 Metaspace       used 69491K, committed 71040K, reserved 1114112K
  class space    used 7328K, committed 8000K, reserved 1048576K
}
Event: 37.908 GC heap after
{Heap after GC invocations=193 (full 3):
 PSYoungGen      total 2560K, used 344K [0x00000000d5580000, 0x00000000d5980000, 0x0000000100000000)
  eden space 2048K, 0% used [0x00000000d5580000,0x00000000d5580000,0x00000000d5780000)
  from space 512K, 67% used [0x00000000d5900000,0x00000000d59560d8,0x00000000d5980000)
  to   space 512K, 0% used [0x00000000d5880000,0x00000000d5880000,0x00000000d5900000)
 ParOldGen       total 230400K, used 230077K [0x0000000080000000, 0x000000008e100000, 0x00000000d5580000)
  object space 230400K, 99% used [0x0000000080000000,0x000000008e0af5b0,0x000000008e100000)
 Metaspace       used 69491K, committed 71040K, reserved 1114112K
  class space    used 7328K, committed 8000K, reserved 1048576K
}
Event: 37.959 GC heap before
{Heap before GC invocations=194 (full 3):
 PSYoungGen      total 2560K, used 2290K [0x00000000d5580000, 0x00000000d5980000, 0x0000000100000000)
  eden space 2048K, 95% used [0x00000000d5580000,0x00000000d5766998,0x00000000d5780000)
  from space 512K, 67% used [0x00000000d5900000,0x00000000d59560d8,0x00000000d5980000)
  to   space 512K, 0% used [0x00000000d5880000,0x00000000d5880000,0x00000000d5900000)
 ParOldGen       total 230400K, used 230077K [0x0000000080000000, 0x000000008e100000, 0x00000000d5580000)
  object space 230400K, 99% used [0x0000000080000000,0x000000008e0af5b0,0x000000008e100000)
 Metaspace       used 69633K, committed 71168K, reserved 1114112K
  class space    used 7343K, committed 8000K, reserved 1048576K
}
Event: 37.962 GC heap after
{Heap after GC invocations=194 (full 3):
 PSYoungGen      total 2560K, used 381K [0x00000000d5580000, 0x00000000d5980000, 0x0000000100000000)
  eden space 2048K, 0% used [0x00000000d5580000,0x00000000d5580000,0x00000000d5780000)
  from space 512K, 74% used [0x00000000d5880000,0x00000000d58df608,0x00000000d5900000)
  to   space 512K, 0% used [0x00000000d5900000,0x00000000d5900000,0x00000000d5980000)
 ParOldGen       total 230400K, used 230197K [0x0000000080000000, 0x000000008e100000, 0x00000000d5580000)
  object space 230400K, 99% used [0x0000000080000000,0x000000008e0cd5b0,0x000000008e100000)
 Metaspace       used 69633K, committed 71168K, reserved 1114112K
  class space    used 7343K, committed 8000K, reserved 1048576K
}
Event: 37.996 GC heap before
{Heap before GC invocations=195 (full 3):
 PSYoungGen      total 2560K, used 2429K [0x00000000d5580000, 0x00000000d5980000, 0x0000000100000000)
  eden space 2048K, 100% used [0x00000000d5580000,0x00000000d5780000,0x00000000d5780000)
  from space 512K, 74% used [0x00000000d5880000,0x00000000d58df608,0x00000000d5900000)
  to   space 512K, 0% used [0x00000000d5900000,0x00000000d5900000,0x00000000d5980000)
 ParOldGen       total 230400K, used 230197K [0x0000000080000000, 0x000000008e100000, 0x00000000d5580000)
  object space 230400K, 99% used [0x0000000080000000,0x000000008e0cd5b0,0x000000008e100000)
 Metaspace       used 69757K, committed 71232K, reserved 1114112K
  class space    used 7356K, committed 8000K, reserved 1048576K
}
Event: 37.999 GC heap after
{Heap after GC invocations=195 (full 3):
 PSYoungGen      total 2048K, used 500K [0x00000000d5580000, 0x00000000d5b80000, 0x0000000100000000)
  eden space 1536K, 0% used [0x00000000d5580000,0x00000000d5580000,0x00000000d5700000)
  from space 512K, 97% used [0x00000000d5900000,0x00000000d597d148,0x00000000d5980000)
  to   space 2048K, 0% used [0x00000000d5700000,0x00000000d5700000,0x00000000d5900000)
 ParOldGen       total 231424K, used 231302K [0x0000000080000000, 0x000000008e200000, 0x00000000d5580000)
  object space 231424K, 99% used [0x0000000080000000,0x000000008e1e1a20,0x000000008e200000)
 Metaspace       used 69757K, committed 71232K, reserved 1114112K
  class space    used 7356K, committed 8000K, reserved 1048576K
}
Event: 38.012 GC heap before
{Heap before GC invocations=196 (full 3):
 PSYoungGen      total 2048K, used 1637K [0x00000000d5580000, 0x00000000d5b80000, 0x0000000100000000)
  eden space 1536K, 74% used [0x00000000d5580000,0x00000000d569c628,0x00000000d5700000)
  from space 512K, 97% used [0x00000000d5900000,0x00000000d597d148,0x00000000d5980000)
  to   space 2048K, 0% used [0x00000000d5700000,0x00000000d5700000,0x00000000d5900000)
 ParOldGen       total 231424K, used 231302K [0x0000000080000000, 0x000000008e200000, 0x00000000d5580000)
  object space 231424K, 99% used [0x0000000080000000,0x000000008e1e1a20,0x000000008e200000)
 Metaspace       used 69757K, committed 71232K, reserved 1114112K
  class space    used 7356K, committed 8000K, reserved 1048576K
}
Event: 38.014 GC heap after
{Heap after GC invocations=196 (full 3):
 PSYoungGen      total 3072K, used 1069K [0x00000000d5580000, 0x00000000d5a00000, 0x0000000100000000)
  eden space 1536K, 0% used [0x00000000d5580000,0x00000000d5580000,0x00000000d5700000)
  from space 1536K, 69% used [0x00000000d5700000,0x00000000d580b438,0x00000000d5880000)
  to   space 1536K, 0% used [0x00000000d5880000,0x00000000d5880000,0x00000000d5a00000)
 ParOldGen       total 231936K, used 231804K [0x0000000080000000, 0x000000008e280000, 0x00000000d5580000)
  object space 231936K, 99% used [0x0000000080000000,0x000000008e25f1f8,0x000000008e280000)
 Metaspace       used 69757K, committed 71232K, reserved 1114112K
  class space    used 7356K, committed 8000K, reserved 1048576K
}
Event: 38.022 GC heap before
{Heap before GC invocations=197 (full 3):
 PSYoungGen      total 3072K, used 2605K [0x00000000d5580000, 0x00000000d5a00000, 0x0000000100000000)
  eden space 1536K, 99% used [0x00000000d5580000,0x00000000d56fffe8,0x00000000d5700000)
  from space 1536K, 69% used [0x00000000d5700000,0x00000000d580b438,0x00000000d5880000)
  to   space 1536K, 0% used [0x00000000d5880000,0x00000000d5880000,0x00000000d5a00000)
 ParOldGen       total 231936K, used 231804K [0x0000000080000000, 0x000000008e280000, 0x00000000d5580000)
  object space 231936K, 99% used [0x0000000080000000,0x000000008e25f1f8,0x000000008e280000)
 Metaspace       used 69760K, committed 71232K, reserved 1114112K
  class space    used 7356K, committed 8000K, reserved 1048576K
}
Event: 38.025 GC heap after
{Heap after GC invocations=197 (full 3):
 PSYoungGen      total 2560K, used 1510K [0x00000000d5580000, 0x00000000d5b00000, 0x0000000100000000)
  eden space 1024K, 0% used [0x00000000d5580000,0x00000000d5580000,0x00000000d5680000)
  from space 1536K, 98% used [0x00000000d5880000,0x00000000d59f9898,0x00000000d5a00000)
  to   space 2048K, 0% used [0x00000000d5680000,0x00000000d5680000,0x00000000d5880000)
 ParOldGen       total 232960K, used 232787K [0x0000000080000000, 0x000000008e380000, 0x00000000d5580000)
  object space 232960K, 99% used [0x0000000080000000,0x000000008e354f68,0x000000008e380000)
 Metaspace       used 69760K, committed 71232K, reserved 1114112K
  class space    used 7356K, committed 8000K, reserved 1048576K
}
Event: 38.056 GC heap before
{Heap before GC invocations=198 (full 3):
 PSYoungGen      total 2560K, used 2534K [0x00000000d5580000, 0x00000000d5b00000, 0x0000000100000000)
  eden space 1024K, 100% used [0x00000000d5580000,0x00000000d5680000,0x00000000d5680000)
  from space 1536K, 98% used [0x00000000d5880000,0x00000000d59f9898,0x00000000d5a00000)
  to   space 2048K, 0% used [0x00000000d5680000,0x00000000d5680000,0x00000000d5880000)
 ParOldGen       total 232960K, used 232787K [0x0000000080000000, 0x000000008e380000, 0x00000000d5580000)
  object space 232960K, 99% used [0x0000000080000000,0x000000008e354f68,0x000000008e380000)
 Metaspace       used 69765K, committed 71232K, reserved 1114112K
  class space    used 7356K, committed 8000K, reserved 1048576K
}
Event: 38.060 GC heap after
{Heap after GC invocations=198 (full 3):
 PSYoungGen      total 1536K, used 448K [0x00000000d5580000, 0x00000000d5900000, 0x0000000100000000)
  eden space 1024K, 0% used [0x00000000d5580000,0x00000000d5580000,0x00000000d5680000)
  from space 512K, 87% used [0x00000000d5680000,0x00000000d56f0000,0x00000000d5700000)
  to   space 1024K, 0% used [0x00000000d5800000,0x00000000d5800000,0x00000000d5900000)
 ParOldGen       total 234496K, used 234182K [0x0000000080000000, 0x000000008e500000, 0x00000000d5580000)
  object space 234496K, 99% used [0x0000000080000000,0x000000008e4b19a8,0x000000008e500000)
 Metaspace       used 69765K, committed 71232K, reserved 1114112K
  class space    used 7356K, committed 8000K, reserved 1048576K
}
Event: 38.085 GC heap before
{Heap before GC invocations=199 (full 3):
 PSYoungGen      total 1536K, used 1471K [0x00000000d5580000, 0x00000000d5900000, 0x0000000100000000)
  eden space 1024K, 99% used [0x00000000d5580000,0x00000000d567fff8,0x00000000d5680000)
  from space 512K, 87% used [0x00000000d5680000,0x00000000d56f0000,0x00000000d5700000)
  to   space 1024K, 0% used [0x00000000d5800000,0x00000000d5800000,0x00000000d5900000)
 ParOldGen       total 234496K, used 234182K [0x0000000080000000, 0x000000008e500000, 0x00000000d5580000)
  object space 234496K, 99% used [0x0000000080000000,0x000000008e4b19a8,0x000000008e500000)
 Metaspace       used 69766K, committed 71232K, reserved 1114112K
  class space    used 7356K, committed 8000K, reserved 1048576K
}
Event: 38.087 GC heap after
{Heap after GC invocations=199 (full 3):
 PSYoungGen      total 1536K, used 320K [0x00000000d5580000, 0x00000000d5880000, 0x0000000100000000)
  eden space 1024K, 0% used [0x00000000d5580000,0x00000000d5580000,0x00000000d5680000)
  from space 512K, 62% used [0x00000000d5800000,0x00000000d5850000,0x00000000d5880000)
  to   space 512K, 0% used [0x00000000d5680000,0x00000000d5680000,0x00000000d5700000)
 ParOldGen       total 235008K, used 234542K [0x0000000080000000, 0x000000008e580000, 0x00000000d5580000)
  object space 235008K, 99% used [0x0000000080000000,0x000000008e50b9a8,0x000000008e580000)
 Metaspace       used 69766K, committed 71232K, reserved 1114112K
  class space    used 7356K, committed 8000K, reserved 1048576K
}
Event: 38.118 GC heap before
{Heap before GC invocations=200 (full 3):
 PSYoungGen      total 1536K, used 1343K [0x00000000d5580000, 0x00000000d5880000, 0x0000000100000000)
  eden space 1024K, 99% used [0x00000000d5580000,0x00000000d567ffd0,0x00000000d5680000)
  from space 512K, 62% used [0x00000000d5800000,0x00000000d5850000,0x00000000d5880000)
  to   space 512K, 0% used [0x00000000d5680000,0x00000000d5680000,0x00000000d5700000)
 ParOldGen       total 235008K, used 234542K [0x0000000080000000, 0x000000008e580000, 0x00000000d5580000)
  object space 235008K, 99% used [0x0000000080000000,0x000000008e50b9a8,0x000000008e580000)
 Metaspace       used 69773K, committed 71296K, reserved 1114112K
  class space    used 7356K, committed 8000K, reserved 1048576K
}
Event: 38.121 GC heap after
{Heap after GC invocations=200 (full 3):
 PSYoungGen      total 1536K, used 384K [0x00000000d5580000, 0x00000000d5880000, 0x0000000100000000)
  eden space 1024K, 0% used [0x00000000d5580000,0x00000000d5580000,0x00000000d5680000)
  from space 512K, 75% used [0x00000000d5680000,0x00000000d56e0000,0x00000000d5700000)
  to   space 512K, 0% used [0x00000000d5800000,0x00000000d5800000,0x00000000d5880000)
 ParOldGen       total 235008K, used 234710K [0x0000000080000000, 0x000000008e580000, 0x00000000d5580000)
  object space 235008K, 99% used [0x0000000080000000,0x000000008e5359a8,0x000000008e580000)
 Metaspace       used 69773K, committed 71296K, reserved 1114112K
  class space    used 7356K, committed 8000K, reserved 1048576K
}
Event: 38.170 GC heap before
{Heap before GC invocations=201 (full 3):
 PSYoungGen      total 1536K, used 1408K [0x00000000d5580000, 0x00000000d5880000, 0x0000000100000000)
  eden space 1024K, 100% used [0x00000000d5580000,0x00000000d5680000,0x00000000d5680000)
  from space 512K, 75% used [0x00000000d5680000,0x00000000d56e0000,0x00000000d5700000)
  to   space 512K, 0% used [0x00000000d5800000,0x00000000d5800000,0x00000000d5880000)
 ParOldGen       total 235008K, used 234710K [0x0000000080000000, 0x000000008e580000, 0x00000000d5580000)
  object space 235008K, 99% used [0x0000000080000000,0x000000008e5359a8,0x000000008e580000)
 Metaspace       used 69804K, committed 71296K, reserved 1114112K
  class space    used 7358K, committed 8000K, reserved 1048576K
}
Event: 38.172 GC heap after
{Heap after GC invocations=201 (full 3):
 PSYoungGen      total 1536K, used 416K [0x00000000d5580000, 0x00000000d5880000, 0x0000000100000000)
  eden space 1024K, 0% used [0x00000000d5580000,0x00000000d5580000,0x00000000d5680000)
  from space 512K, 81% used [0x00000000d5800000,0x00000000d5868000,0x00000000d5880000)
  to   space 512K, 0% used [0x00000000d5680000,0x00000000d5680000,0x00000000d5700000)
 ParOldGen       total 235008K, used 234990K [0x0000000080000000, 0x000000008e580000, 0x00000000d5580000)
  object space 235008K, 99% used [0x0000000080000000,0x000000008e57b9a8,0x000000008e580000)
 Metaspace       used 69804K, committed 71296K, reserved 1114112K
  class space    used 7358K, committed 8000K, reserved 1048576K
}
Event: 38.210 GC heap before
{Heap before GC invocations=202 (full 3):
 PSYoungGen      total 1536K, used 1438K [0x00000000d5580000, 0x00000000d5880000, 0x0000000100000000)
  eden space 1024K, 99% used [0x00000000d5580000,0x00000000d567fa68,0x00000000d5680000)
  from space 512K, 81% used [0x00000000d5800000,0x00000000d5868000,0x00000000d5880000)
  to   space 512K, 0% used [0x00000000d5680000,0x00000000d5680000,0x00000000d5700000)
 ParOldGen       total 254976K, used 254190K [0x0000000080000000, 0x000000008f900000, 0x00000000d5580000)
  object space 254976K, 99% used [0x0000000080000000,0x000000008f83b9c8,0x000000008f900000)
 Metaspace       used 69881K, committed 71424K, reserved 1114112K
  class space    used 7376K, committed 8064K, reserved 1048576K
}
Event: 38.212 GC heap after
{Heap after GC invocations=202 (full 3):
 PSYoungGen      total 1536K, used 192K [0x00000000d5580000, 0x00000000d5880000, 0x0000000100000000)
  eden space 1024K, 0% used [0x00000000d5580000,0x00000000d5580000,0x00000000d5680000)
  from space 512K, 37% used [0x00000000d5680000,0x00000000d56b0000,0x00000000d5700000)
  to   space 512K, 0% used [0x00000000d5800000,0x00000000d5800000,0x00000000d5880000)
 ParOldGen       total 254976K, used 254474K [0x0000000080000000, 0x000000008f900000, 0x00000000d5580000)
  object space 254976K, 99% used [0x0000000080000000,0x000000008f8829d8,0x000000008f900000)
 Metaspace       used 69881K, committed 71424K, reserved 1114112K
  class space    used 7376K, committed 8064K, reserved 1048576K
}

Dll operation events (10 events):
Event: 0.026 Loaded shared library c:\Users\esteb\.vscode\extensions\redhat.java-1.53.0-win32-x64\jre\21.0.10-win32-x86_64\bin\java.dll
Event: 0.150 Loaded shared library c:\Users\esteb\.vscode\extensions\redhat.java-1.53.0-win32-x64\jre\21.0.10-win32-x86_64\bin\zip.dll
Event: 0.183 Loaded shared library C:\Users\esteb\.vscode\extensions\redhat.java-1.53.0-win32-x64\jre\21.0.10-win32-x86_64\bin\instrument.dll
Event: 0.190 Loaded shared library C:\Users\esteb\.vscode\extensions\redhat.java-1.53.0-win32-x64\jre\21.0.10-win32-x86_64\bin\net.dll
Event: 0.193 Loaded shared library C:\Users\esteb\.vscode\extensions\redhat.java-1.53.0-win32-x64\jre\21.0.10-win32-x86_64\bin\nio.dll
Event: 0.197 Loaded shared library C:\Users\esteb\.vscode\extensions\redhat.java-1.53.0-win32-x64\jre\21.0.10-win32-x86_64\bin\zip.dll
Event: 0.225 Loaded shared library C:\Users\esteb\.vscode\extensions\redhat.java-1.53.0-win32-x64\jre\21.0.10-win32-x86_64\bin\jimage.dll
Event: 0.342 Loaded shared library c:\Users\esteb\.vscode\extensions\redhat.java-1.53.0-win32-x64\jre\21.0.10-win32-x86_64\bin\verify.dll
Event: 3.018 Loaded shared library C:\Users\esteb\AppData\Roaming\Code\User\globalStorage\redhat.java\1.53.0\config_win\org.eclipse.equinox.launcher\org.eclipse.equinox.launcher.win32.win32.x86_64_1.3.0.v20260203-2149\eclipse_11919.dll
Event: 8.215 Loaded shared library C:\Users\esteb\AppData\Local\Temp\jna-96816291\jna133561696637299259.dll

Deoptimization events (20 events):
Event: 37.084 Thread 0x0000021ef4cf1070 DEOPT PACKING pc=0x0000021edc027db2 sp=0x0000009de70fe170
Event: 37.084 Thread 0x0000021ef4cf1070 DEOPT UNPACKING pc=0x0000021ee2104242 sp=0x0000009de70fd6e8 mode 0
Event: 37.229 Thread 0x0000021ef4cf1070 DEOPT PACKING pc=0x0000021edc1394f4 sp=0x0000009de70fcfa0
Event: 37.229 Thread 0x0000021ef4cf1070 DEOPT UNPACKING pc=0x0000021ee2104242 sp=0x0000009de70fc488 mode 0
Event: 37.360 Thread 0x0000021ef4a6d3e0 DEOPT PACKING pc=0x0000021edb45dbf1 sp=0x0000009de9ff9140
Event: 37.360 Thread 0x0000021ef4a6d3e0 DEOPT UNPACKING pc=0x0000021ee2104242 sp=0x0000009de9ff86e8 mode 0
Event: 37.565 Thread 0x0000021ef4a6d3e0 DEOPT PACKING pc=0x0000021edb87a132 sp=0x0000009de9ff8880
Event: 37.565 Thread 0x0000021ef4a6d3e0 DEOPT UNPACKING pc=0x0000021ee2104242 sp=0x0000009de9ff7f90 mode 0
Event: 37.702 Thread 0x0000021ef4a6d3e0 DEOPT PACKING pc=0x0000021edb45dbf1 sp=0x0000009de9ffc440
Event: 37.703 Thread 0x0000021ef4a6d3e0 DEOPT UNPACKING pc=0x0000021ee2104242 sp=0x0000009de9ffb9e8 mode 0
Event: 37.728 Thread 0x0000021ef4a6d3e0 Uncommon trap: trap_request=0xffffffde fr.pc=0x0000021ee2b87f18 relative=0x0000000000000078
Event: 37.728 Thread 0x0000021ef4a6d3e0 Uncommon trap: reason=class_check action=maybe_recompile pc=0x0000021ee2b87f18 method=java.util.LinkedHashMap.afterNodeInsertion(Z)V @ 15 c2
Event: 37.728 Thread 0x0000021ef4a6d3e0 DEOPT PACKING pc=0x0000021ee2b87f18 sp=0x0000009de9ffefd0
Event: 37.728 Thread 0x0000021ef4a6d3e0 DEOPT UNPACKING pc=0x0000021ee2103aa2 sp=0x0000009de9ffef48 mode 2
Event: 37.910 Thread 0x0000021ef4cf1700 Uncommon trap: trap_request=0xffffff45 fr.pc=0x0000021ee299ddc8 relative=0x00000000000000a8
Event: 37.910 Thread 0x0000021ef4cf1700 Uncommon trap: reason=unstable_if action=reinterpret pc=0x0000021ee299ddc8 method=org.eclipse.core.internal.jobs.InternalJob.getState()I @ 10 c2
Event: 37.910 Thread 0x0000021ef4cf1700 DEOPT PACKING pc=0x0000021ee299ddc8 sp=0x0000009dea1fe930
Event: 37.910 Thread 0x0000021ef4cf1700 DEOPT UNPACKING pc=0x0000021ee2103aa2 sp=0x0000009dea1fe8c0 mode 2
Event: 38.072 Thread 0x0000021ef4a67800 DEOPT PACKING pc=0x0000021edc027db2 sp=0x0000009de95fe160
Event: 38.072 Thread 0x0000021ef4a67800 DEOPT UNPACKING pc=0x0000021ee2104242 sp=0x0000009de95fd6d8 mode 0

Classes loaded (20 events):
Event: 33.062 Loading class org/xml/sax/SAXNotSupportedException
Event: 33.062 Loading class org/xml/sax/SAXNotSupportedException done
Event: 33.064 Loading class com/sun/org/apache/xerces/internal/util/URI
Event: 33.067 Loading class com/sun/org/apache/xerces/internal/util/URI done
Event: 33.070 Loading class com/sun/org/apache/xerces/internal/xni/XNIException
Event: 33.071 Loading class com/sun/org/apache/xerces/internal/xni/XNIException done
Event: 33.071 Loading class com/sun/org/apache/xerces/internal/xni/parser/XMLParseException
Event: 33.071 Loading class com/sun/org/apache/xerces/internal/xni/parser/XMLParseException done
Event: 35.238 Loading class java/util/stream/DistinctOps
Event: 35.239 Loading class java/util/stream/DistinctOps done
Event: 35.239 Loading class java/util/stream/DistinctOps$1
Event: 35.240 Loading class java/util/stream/DistinctOps$1 done
Event: 35.246 Loading class java/util/stream/DistinctOps$1$2
Event: 35.246 Loading class java/util/stream/DistinctOps$1$2 done
Event: 35.247 Loading class sun/nio/cs/ISO_8859_1$Encoder
Event: 35.248 Loading class sun/nio/cs/ISO_8859_1$Encoder done
Event: 35.248 Loading class sun/nio/cs/Surrogate$Parser
Event: 35.249 Loading class sun/nio/cs/Surrogate$Parser done
Event: 35.249 Loading class sun/nio/cs/Surrogate
Event: 35.249 Loading class sun/nio/cs/Surrogate done

Classes unloaded (9 events):
Event: 9.379 Thread 0x0000021ed7a1e9b0 Unloading class 0x0000021e811ab000 'java/lang/invoke/LambdaForm$MH+0x0000021e811ab000'
Event: 9.379 Thread 0x0000021ed7a1e9b0 Unloading class 0x0000021e811aac00 'java/lang/invoke/LambdaForm$MH+0x0000021e811aac00'
Event: 9.379 Thread 0x0000021ed7a1e9b0 Unloading class 0x0000021e811aa800 'java/lang/invoke/LambdaForm$MH+0x0000021e811aa800'
Event: 9.379 Thread 0x0000021ed7a1e9b0 Unloading class 0x0000021e811aa400 'java/lang/invoke/LambdaForm$MH+0x0000021e811aa400'
Event: 9.379 Thread 0x0000021ed7a1e9b0 Unloading class 0x0000021e811aa000 'java/lang/invoke/LambdaForm$BMH+0x0000021e811aa000'
Event: 9.379 Thread 0x0000021ed7a1e9b0 Unloading class 0x0000021e811a9c00 'java/lang/invoke/LambdaForm$DMH+0x0000021e811a9c00'
Event: 9.379 Thread 0x0000021ed7a1e9b0 Unloading class 0x0000021e811a8800 'java/lang/invoke/LambdaForm$DMH+0x0000021e811a8800'
Event: 22.344 Thread 0x0000021ed7a1e9b0 Unloading class 0x0000021e816ac400 'java/lang/invoke/LambdaForm$DMH+0x0000021e816ac400'
Event: 22.344 Thread 0x0000021ed7a1e9b0 Unloading class 0x0000021e816acc00 'java/lang/invoke/LambdaForm$DMH+0x0000021e816acc00'

Classes redefined (0 events):
No events

Internal exceptions (20 events):
Event: 30.430 Thread 0x0000021ef4d87b80 Exception <a 'java/lang/ArrayIndexOutOfBoundsException'{0x00000000d5a29c38}: Index 855 out of bounds for length 855> (0x00000000d5a29c38) 
thrown [s\src\hotspot\share\interpreter\interpreterRuntime.cpp, line 439]
Event: 30.430 Thread 0x0000021ef4d87b80 Exception <a 'java/lang/ArrayIndexOutOfBoundsException'{0x00000000d5a2a260}: Index 855 out of bounds for length 855> (0x00000000d5a2a260) 
thrown [s\src\hotspot\share\interpreter\interpreterRuntime.cpp, line 439]
Event: 30.430 Thread 0x0000021ef4d87b80 Exception <a 'java/lang/ArrayIndexOutOfBoundsException'{0x00000000d5a2a5d8}: Index 856 out of bounds for length 855> (0x00000000d5a2a5d8) 
thrown [s\src\hotspot\share\interpreter\interpreterRuntime.cpp, line 439]
Event: 30.538 Thread 0x0000021ef4cf3e60 Exception <a 'sun/nio/fs/WindowsException'{0x00000000d572ee78}> (0x00000000d572ee78) 
thrown [s\src\hotspot\share\prims\jni.cpp, line 520]
Event: 30.538 Thread 0x0000021ef4cf3e60 Exception <a 'sun/nio/fs/WindowsException'{0x00000000d572f4a8}> (0x00000000d572f4a8) 
thrown [s\src\hotspot\share\prims\jni.cpp, line 520]
Event: 30.764 Thread 0x0000021ef4d87b80 Exception <a 'java/lang/IncompatibleClassChangeError'{0x00000000d5a65ec8}: Found class java.lang.Object, but interface was expected> (0x00000000d5a65ec8) 
thrown [s\src\hotspot\share\interpreter\linkResolver.cpp, line 840]
Event: 30.782 Thread 0x0000021ef4d87b80 Exception <a 'java/lang/IncompatibleClassChangeError'{0x00000000d5ab4420}: Found class java.lang.Object, but interface was expected> (0x00000000d5ab4420) 
thrown [s\src\hotspot\share\interpreter\linkResolver.cpp, line 840]
Event: 31.163 Thread 0x0000021ef4cf2ab0 Exception <a 'sun/nio/fs/WindowsException'{0x00000000d5a399c0}> (0x00000000d5a399c0) 
thrown [s\src\hotspot\share\prims\jni.cpp, line 520]
Event: 32.076 Thread 0x0000021ef4cf1070 Exception <a 'java/lang/NoSuchMethodError'{0x00000000d56bb230}: 'java.lang.Object java.lang.invoke.DirectMethodHandle$Holder.invokeStatic(java.lang.Object, java.lang.Object, int, java.lang.Object)'> (0x00000000d56bb230) 
thrown [s\src\hotspot\share\interpreter\linkResolver.cpp, line 773]
Event: 33.734 Thread 0x0000021ef4cf2ab0 Exception <a 'sun/nio/fs/WindowsException'{0x00000000d5697d98}> (0x00000000d5697d98) 
thrown [s\src\hotspot\share\prims\jni.cpp, line 520]
Event: 36.072 Thread 0x0000021ef4cf1700 Exception <a 'sun/nio/fs/WindowsException'{0x00000000d559af68}> (0x00000000d559af68) 
thrown [s\src\hotspot\share\prims\jni.cpp, line 520]
Event: 36.073 Thread 0x0000021ef4cf1700 Exception <a 'sun/nio/fs/WindowsException'{0x00000000d559c740}> (0x00000000d559c740) 
thrown [s\src\hotspot\share\prims\jni.cpp, line 520]
Event: 36.076 Thread 0x0000021ef4cf1700 Exception <a 'sun/nio/fs/WindowsException'{0x00000000d559d6e8}> (0x00000000d559d6e8) 
thrown [s\src\hotspot\share\prims\jni.cpp, line 520]
Event: 36.076 Thread 0x0000021ef4cf1700 Exception <a 'sun/nio/fs/WindowsException'{0x00000000d55a2f10}> (0x00000000d55a2f10) 
thrown [s\src\hotspot\share\prims\jni.cpp, line 520]
Event: 36.078 Thread 0x0000021ef4cf1700 Exception <a 'sun/nio/fs/WindowsException'{0x00000000d55a9b18}> (0x00000000d55a9b18) 
thrown [s\src\hotspot\share\prims\jni.cpp, line 520]
Event: 36.078 Thread 0x0000021ef4cf1700 Exception <a 'sun/nio/fs/WindowsException'{0x00000000d55aa650}> (0x00000000d55aa650) 
thrown [s\src\hotspot\share\prims\jni.cpp, line 520]
Event: 36.087 Thread 0x0000021ef4cf1700 Exception <a 'sun/nio/fs/WindowsException'{0x00000000d55e86b0}> (0x00000000d55e86b0) 
thrown [s\src\hotspot\share\prims\jni.cpp, line 520]
Event: 36.088 Thread 0x0000021ef4cf1700 Exception <a 'sun/nio/fs/WindowsException'{0x00000000d55e9208}> (0x00000000d55e9208) 
thrown [s\src\hotspot\share\prims\jni.cpp, line 520]
Event: 37.042 Thread 0x0000021ef4a6d3e0 Exception <a 'java/lang/NoSuchMethodError'{0x00000000d5773b58}: 'java.lang.Object java.lang.invoke.DirectMethodHandle$Holder.newInvokeSpecial(java.lang.Object, java.lang.Object, int, java.lang.Object, java.lang.Object, java.lang.Object, java.lang.Object)'> (0x00000000d5773b58) 
thrown [s\src\hotspot\share\interpreter\linkResolver.cpp, line 773]
Event: 38.532 Thread 0x0000021ef4cf2ab0 Exception <a 'sun/nio/fs/WindowsException'{0x00000000d562a7a8}> (0x00000000d562a7a8) 
thrown [s\src\hotspot\share\prims\jni.cpp, line 520]

ZGC Phase Switch (0 events):
No events

VM Operations (20 events):
Event: 37.909 Executing safepoint VM operation: ParallelGCFailedAllocation (Allocation Failure) done
Event: 37.959 Executing safepoint VM operation: ParallelGCFailedAllocation (Allocation Failure)
Event: 37.962 Executing safepoint VM operation: ParallelGCFailedAllocation (Allocation Failure) done
Event: 37.996 Executing safepoint VM operation: ParallelGCFailedAllocation (Allocation Failure)
Event: 37.999 Executing safepoint VM operation: ParallelGCFailedAllocation (Allocation Failure) done
Event: 38.008 Executing safepoint VM operation: ParallelGCFailedAllocation (Allocation Failure)
Event: 38.014 Executing safepoint VM operation: ParallelGCFailedAllocation (Allocation Failure) done
Event: 38.022 Executing safepoint VM operation: ParallelGCFailedAllocation (Allocation Failure)
Event: 38.025 Executing safepoint VM operation: ParallelGCFailedAllocation (Allocation Failure) done
Event: 38.048 Executing safepoint VM operation: ParallelGCFailedAllocation (Allocation Failure)
Event: 38.060 Executing safepoint VM operation: ParallelGCFailedAllocation (Allocation Failure) done
Event: 38.082 Executing safepoint VM operation: ParallelGCFailedAllocation (Allocation Failure)
Event: 38.087 Executing safepoint VM operation: ParallelGCFailedAllocation (Allocation Failure) done
Event: 38.118 Executing safepoint VM operation: ParallelGCFailedAllocation (Allocation Failure)
Event: 38.121 Executing safepoint VM operation: ParallelGCFailedAllocation (Allocation Failure) done
Event: 38.169 Executing safepoint VM operation: ParallelGCFailedAllocation (Allocation Failure)
Event: 38.172 Executing safepoint VM operation: ParallelGCFailedAllocation (Allocation Failure) done
Event: 38.192 Executing safepoint VM operation: ParallelGCFailedAllocation (Allocation Failure)
Event: 38.212 Executing safepoint VM operation: ParallelGCFailedAllocation (Allocation Failure) done
Event: 38.236 Executing non-safepoint VM operation: HandshakeAllThreads (Deoptimize)

Memory protections (0 events):
No events

Nmethod flushes (20 events):
Event: 22.382 Thread 0x0000021ed7a1e9b0 flushing  nmethod 0x0000021edb55bc90
Event: 22.382 Thread 0x0000021ed7a1e9b0 flushing  nmethod 0x0000021edb560210
Event: 22.382 Thread 0x0000021ed7a1e9b0 flushing  nmethod 0x0000021edb560590
Event: 22.382 Thread 0x0000021ed7a1e9b0 flushing  nmethod 0x0000021edb562b10
Event: 22.382 Thread 0x0000021ed7a1e9b0 flushing  nmethod 0x0000021edb563810
Event: 22.382 Thread 0x0000021ed7a1e9b0 flushing  nmethod 0x0000021edb563c90
Event: 22.382 Thread 0x0000021ed7a1e9b0 flushing  nmethod 0x0000021edb57c810
Event: 22.382 Thread 0x0000021ed7a1e9b0 flushing  nmethod 0x0000021edb57da10
Event: 22.382 Thread 0x0000021ed7a1e9b0 flushing  nmethod 0x0000021edb57de90
Event: 22.382 Thread 0x0000021ed7a1e9b0 flushing  nmethod 0x0000021edb57e410
Event: 22.382 Thread 0x0000021ed7a1e9b0 flushing  nmethod 0x0000021edb57e990
Event: 22.382 Thread 0x0000021ed7a1e9b0 flushing  nmethod 0x0000021edb57ed10
Event: 22.382 Thread 0x0000021ed7a1e9b0 flushing  nmethod 0x0000021edb57f210
Event: 22.382 Thread 0x0000021ed7a1e9b0 flushing  nmethod 0x0000021edb57f810
Event: 22.382 Thread 0x0000021ed7a1e9b0 flushing  nmethod 0x0000021edb580090
Event: 22.382 Thread 0x0000021ed7a1e9b0 flushing  nmethod 0x0000021edb580e10
Event: 22.382 Thread 0x0000021ed7a1e9b0 flushing  nmethod 0x0000021edb581610
Event: 22.382 Thread 0x0000021ed7a1e9b0 flushing  nmethod 0x0000021edb5ba990
Event: 22.382 Thread 0x0000021ed7a1e9b0 flushing  nmethod 0x0000021edb5bb190
Event: 22.382 Thread 0x0000021ed7a1e9b0 flushing  nmethod 0x0000021edb5bb790

Events (20 events):
Event: 22.772 Thread 0x0000021ef4a69240 Thread exited: 0x0000021ef4a69240
Event: 23.434 Thread 0x0000021ef4cf3e60 Thread added: 0x0000021ef4a69240
Event: 23.436 Thread 0x0000021ef4cf3e60 Thread added: 0x0000021ef4a6e100
Event: 23.436 Thread 0x0000021ef4cf3e60 Thread added: 0x0000021ef4a6d3e0
Event: 23.436 Thread 0x0000021ef4cf3e60 Thread added: 0x0000021ef4a6e790
Event: 23.436 Thread 0x0000021ef4cf3e60 Thread added: 0x0000021ef4a6cd50
Event: 23.525 Thread 0x0000021ef4a6e790 Thread exited: 0x0000021ef4a6e790
Event: 23.526 Thread 0x0000021ef4a69240 Thread exited: 0x0000021ef4a69240
Event: 23.526 Thread 0x0000021ef4a6cd50 Thread exited: 0x0000021ef4a6cd50
Event: 23.526 Thread 0x0000021ef4a6e100 Thread exited: 0x0000021ef4a6e100
Event: 23.526 Thread 0x0000021ef4a6d3e0 Thread exited: 0x0000021ef4a6d3e0
Event: 26.088 Thread 0x0000021ef4d87b80 Thread added: 0x0000021ef4a69240
Event: 26.096 Thread 0x0000021ef4d87b80 Thread added: 0x0000021ef4a6cd50
Event: 26.100 Thread 0x0000021ef4a6cd50 Thread added: 0x0000021ef4a6e100
Event: 26.111 Thread 0x0000021ef4a6e100 Thread added: 0x0000021ef4a6e790
Event: 26.116 Thread 0x0000021ef4a6e790 Thread added: 0x0000021ef4a6d3e0
Event: 26.127 Thread 0x0000021ef4a6d3e0 Thread added: 0x0000021ef4a6da70
Event: 26.141 Thread 0x0000021ef4a6da70 Thread added: 0x0000021ef4cf1700
Event: 27.559 Thread 0x0000021ed7917b20 Thread added: 0x0000021ef601ce40
Event: 35.615 Thread 0x0000021ef601ce40 Thread exited: 0x0000021ef601ce40


Dynamic libraries:
0x00007ff788760000 - 0x00007ff78876e000 	c:\Users\esteb\.vscode\extensions\redhat.java-1.53.0-win32-x64\jre\21.0.10-win32-x86_64\bin\java.exe
0x00007ffb5e780000 - 0x00007ffb5e9e7000 	C:\WINDOWS\SYSTEM32\ntdll.dll
0x00007ffb5e370000 - 0x00007ffb5e439000 	C:\WINDOWS\System32\KERNEL32.DLL
0x00007ffb5b2b0000 - 0x00007ffb5b6a1000 	C:\WINDOWS\System32\KERNELBASE.dll
0x00007ffb5c3d0000 - 0x00007ffb5c51b000 	C:\WINDOWS\System32\ucrtbase.dll
0x00007ffb28300000 - 0x00007ffb28318000 	c:\Users\esteb\.vscode\extensions\redhat.java-1.53.0-win32-x64\jre\21.0.10-win32-x86_64\bin\jli.dll
0x00007ffb2d230000 - 0x00007ffb2d24e000 	c:\Users\esteb\.vscode\extensions\redhat.java-1.53.0-win32-x64\jre\21.0.10-win32-x86_64\bin\VCRUNTIME140.dll
0x00007ffb5e570000 - 0x00007ffb5e735000 	C:\WINDOWS\System32\USER32.dll
0x00007ffb4a080000 - 0x00007ffb4a313000 	C:\WINDOWS\WinSxS\amd64_microsoft.windows.common-controls_6595b64144ccf1df_6.0.26100.7922_none_3e089e1ee3342171\COMCTL32.dll
0x00007ffb5e440000 - 0x00007ffb5e4e9000 	C:\WINDOWS\System32\msvcrt.dll
0x00007ffb5b280000 - 0x00007ffb5b2a7000 	C:\WINDOWS\System32\win32u.dll
0x00007ffb5e1e0000 - 0x00007ffb5e20b000 	C:\WINDOWS\System32\GDI32.dll
0x00007ffb5b6b0000 - 0x00007ffb5b7da000 	C:\WINDOWS\System32\gdi32full.dll
0x00007ffb5b1d0000 - 0x00007ffb5b273000 	C:\WINDOWS\System32\msvcp_win.dll
0x00007ffb5c5d0000 - 0x00007ffb5c601000 	C:\WINDOWS\System32\IMM32.DLL
0x00007ffb2d320000 - 0x00007ffb2d32c000 	c:\Users\esteb\.vscode\extensions\redhat.java-1.53.0-win32-x64\jre\21.0.10-win32-x86_64\bin\vcruntime140_1.dll
0x00007ffab98d0000 - 0x00007ffab995d000 	c:\Users\esteb\.vscode\extensions\redhat.java-1.53.0-win32-x64\jre\21.0.10-win32-x86_64\bin\msvcp140.dll
0x00007ffa96920000 - 0x00007ffa976c1000 	c:\Users\esteb\.vscode\extensions\redhat.java-1.53.0-win32-x64\jre\21.0.10-win32-x86_64\bin\server\jvm.dll
0x00007ffb5d670000 - 0x00007ffb5d72b000 	C:\WINDOWS\System32\ADVAPI32.dll
0x00007ffb5e130000 - 0x00007ffb5e1d7000 	C:\WINDOWS\System32\sechost.dll
0x00007ffb5dd60000 - 0x00007ffb5de78000 	C:\WINDOWS\System32\RPCRT4.dll
0x00007ffb5d320000 - 0x00007ffb5d394000 	C:\WINDOWS\System32\WS2_32.dll
0x00007ffb5aec0000 - 0x00007ffb5af1e000 	C:\WINDOWS\SYSTEM32\POWRPROF.dll
0x00007ffb555c0000 - 0x00007ffb555f5000 	C:\WINDOWS\SYSTEM32\WINMM.dll
0x00007ffb580d0000 - 0x00007ffb580db000 	C:\WINDOWS\SYSTEM32\VERSION.dll
0x00007ffb5adf0000 - 0x00007ffb5ae04000 	C:\WINDOWS\SYSTEM32\UMPDC.dll
0x00007ffb59df0000 - 0x00007ffb59e0b000 	C:\WINDOWS\SYSTEM32\kernel.appcore.dll
0x00007ffb2d220000 - 0x00007ffb2d22a000 	c:\Users\esteb\.vscode\extensions\redhat.java-1.53.0-win32-x64\jre\21.0.10-win32-x86_64\bin\jimage.dll
0x00007ffb4eba0000 - 0x00007ffb4ede2000 	C:\WINDOWS\SYSTEM32\DBGHELP.DLL
0x00007ffb5cf90000 - 0x00007ffb5d312000 	C:\WINDOWS\System32\combase.dll
0x00007ffb5dc80000 - 0x00007ffb5dd57000 	C:\WINDOWS\System32\OLEAUT32.dll
0x00007ffb4a040000 - 0x00007ffb4a07b000 	C:\WINDOWS\SYSTEM32\dbgcore.DLL
0x00007ffb5ba20000 - 0x00007ffb5bac5000 	C:\WINDOWS\System32\bcryptPrimitives.dll
0x00007ffb282f0000 - 0x00007ffb282ff000 	c:\Users\esteb\.vscode\extensions\redhat.java-1.53.0-win32-x64\jre\21.0.10-win32-x86_64\bin\instrument.dll
0x00007ffb26ab0000 - 0x00007ffb26ad0000 	c:\Users\esteb\.vscode\extensions\redhat.java-1.53.0-win32-x64\jre\21.0.10-win32-x86_64\bin\java.dll
0x00007ffb5c7f0000 - 0x00007ffb5cf4f000 	C:\WINDOWS\System32\SHELL32.dll
0x00007ffb5b060000 - 0x00007ffb5b1ca000 	C:\WINDOWS\System32\wintypes.dll
0x00007ffb5bb60000 - 0x00007ffb5c3c4000 	C:\WINDOWS\System32\windows.storage.dll
0x00007ffb5e270000 - 0x00007ffb5e367000 	C:\WINDOWS\System32\SHCORE.dll
0x00007ffb5c780000 - 0x00007ffb5c7e7000 	C:\WINDOWS\System32\shlwapi.dll
0x00007ffb5af80000 - 0x00007ffb5afa9000 	C:\WINDOWS\SYSTEM32\profapi.dll
0x00007ffb23d70000 - 0x00007ffb23d88000 	c:\Users\esteb\.vscode\extensions\redhat.java-1.53.0-win32-x64\jre\21.0.10-win32-x86_64\bin\zip.dll
0x00007ffb26aa0000 - 0x00007ffb26ab0000 	C:\Users\esteb\.vscode\extensions\redhat.java-1.53.0-win32-x64\jre\21.0.10-win32-x86_64\bin\net.dll
0x00007ffb522c0000 - 0x00007ffb523e7000 	C:\WINDOWS\SYSTEM32\WINHTTP.dll
0x00007ffb5a360000 - 0x00007ffb5a3cb000 	C:\WINDOWS\system32\mswsock.dll
0x00007ffb238e0000 - 0x00007ffb238f6000 	C:\Users\esteb\.vscode\extensions\redhat.java-1.53.0-win32-x64\jre\21.0.10-win32-x86_64\bin\nio.dll
0x00007ffb238d0000 - 0x00007ffb238e0000 	c:\Users\esteb\.vscode\extensions\redhat.java-1.53.0-win32-x64\jre\21.0.10-win32-x86_64\bin\verify.dll
0x00007ffab8c10000 - 0x00007ffab8c55000 	C:\Users\esteb\AppData\Roaming\Code\User\globalStorage\redhat.java\1.53.0\config_win\org.eclipse.equinox.launcher\org.eclipse.equinox.launcher.win32.win32.x86_64_1.3.0.v20260203-2149\eclipse_11919.dll
0x00007ffb5df80000 - 0x00007ffb5e115000 	C:\WINDOWS\System32\ole32.dll
0x00007ffb5a640000 - 0x00007ffb5a65b000 	C:\WINDOWS\SYSTEM32\CRYPTSP.dll
0x00007ffb59d50000 - 0x00007ffb59d89000 	C:\WINDOWS\system32\rsaenh.dll
0x00007ffb5a410000 - 0x00007ffb5a442000 	C:\WINDOWS\SYSTEM32\USERENV.dll
0x00007ffb5af50000 - 0x00007ffb5af7a000 	C:\WINDOWS\SYSTEM32\bcrypt.dll
0x00007ffb5a660000 - 0x00007ffb5a66c000 	C:\WINDOWS\SYSTEM32\CRYPTBASE.dll
0x00007ffb597e0000 - 0x00007ffb59813000 	C:\WINDOWS\SYSTEM32\IPHLPAPI.DLL
0x00007ffb5cf60000 - 0x00007ffb5cf6a000 	C:\WINDOWS\System32\NSI.dll
0x00007ffb1d610000 - 0x00007ffb1d659000 	C:\Users\esteb\AppData\Local\Temp\jna-96816291\jna133561696637299259.dll
0x00007ffb5d3f0000 - 0x00007ffb5d3f8000 	C:\WINDOWS\System32\PSAPI.DLL
0x00007ffb53630000 - 0x00007ffb5364d000 	C:\WINDOWS\SYSTEM32\dhcpcsvc6.DLL
0x00007ffb53490000 - 0x00007ffb534b3000 	C:\WINDOWS\SYSTEM32\dhcpcsvc.DLL

JVMTI agents:
c:\Users\esteb\.vscode\extensions\redhat.java-1.53.0-win32-x64\lombok\lombok-1.18.39-4050.jar path:c:\Users\esteb\.vscode\extensions\redhat.java-1.53.0-win32-x64\jre\21.0.10-win32-x86_64\bin\instrument.dll, loaded, initialized, instrumentlib options:none

dbghelp: loaded successfully - version: 4.0.5 - missing functions: none
symbol engine: initialized successfully - sym options: 0x614 - pdb path: .;c:\Users\esteb\.vscode\extensions\redhat.java-1.53.0-win32-x64\jre\21.0.10-win32-x86_64\bin;C:\WINDOWS\SYSTEM32;C:\WINDOWS\WinSxS\amd64_microsoft.windows.common-controls_6595b64144ccf1df_6.0.26100.7922_none_3e089e1ee3342171;c:\Users\esteb\.vscode\extensions\redhat.java-1.53.0-win32-x64\jre\21.0.10-win32-x86_64\bin\server;C:\Users\esteb\AppData\Roaming\Code\User\globalStorage\redhat.java\1.53.0\config_win\org.eclipse.equinox.launcher\org.eclipse.equinox.launcher.win32.win32.x86_64_1.3.0.v20260203-2149;C:\Users\esteb\AppData\Local\Temp\jna-96816291

VM Arguments:
jvm_args: --add-modules=ALL-SYSTEM --add-opens=java.base/java.util=ALL-UNNAMED --add-opens=java.base/java.lang=ALL-UNNAMED --add-opens=java.base/sun.nio.fs=ALL-UNNAMED -Declipse.application=org.eclipse.jdt.ls.core.id1 -Dosgi.bundles.defaultStartLevel=4 -Declipse.product=org.eclipse.jdt.ls.core.product -Djava.import.generatesMetadataFilesAtProjectRoot=false -DDetectVMInstallationsJob.disabled=true -Dfile.encoding=utf8 -XX:+UseParallelGC -XX:GCTimeRatio=4 -XX:AdaptiveSizePolicyWeight=90 -Dsun.zip.disableMemoryMapping=true -Xmx2G -Xms100m -Xlog:disable -javaagent:c:\Users\esteb\.vscode\extensions\redhat.java-1.53.0-win32-x64\lombok\lombok-1.18.39-4050.jar -XX:+HeapDumpOnOutOfMemoryError -XX:HeapDumpPath=c:\Users\esteb\AppData\Roaming\Code\User\workspaceStorage\c934bb2dc5cf452be0dac2205e61f36f\redhat.java -Daether.dependencyCollector.impl=bf 
java_command: c:\Users\esteb\.vscode\extensions\redhat.java-1.53.0-win32-x64\server\plugins\org.eclipse.equinox.launcher_1.7.100.v20251111-0406.jar -configuration c:\Users\esteb\AppData\Roaming\Code\User\globalStorage\redhat.java\1.53.0\config_win -data c:\Users\esteb\AppData\Roaming\Code\User\workspaceStorage\c934bb2dc5cf452be0dac2205e61f36f\redhat.java\jdt_ws --pipe=\\.\pipe\lsp-05003623bbc1f6b6fdfcdd7efa3cc822-sock
java_class_path (initial): c:\Users\esteb\.vscode\extensions\redhat.java-1.53.0-win32-x64\server\plugins\org.eclipse.equinox.launcher_1.7.100.v20251111-0406.jar
Launcher Type: SUN_STANDARD

[Global flags]
    uintx AdaptiveSizePolicyWeight                 = 90                                        {product} {command line}
     intx CICompilerCount                          = 4                                         {product} {ergonomic}
    uintx GCTimeRatio                              = 4                                         {product} {command line}
     bool HeapDumpOnOutOfMemoryError               = true                                   {manageable} {command line}
    ccstr HeapDumpPath                             = c:\Users\esteb\AppData\Roaming\Code\User\workspaceStorage\c934bb2dc5cf452be0dac2205e61f36f\redhat.java         {manageable} {command line}
   size_t InitialHeapSize                          = 104857600                                 {product} {command line}
   size_t MaxHeapSize                              = 2147483648                                {product} {command line}
   size_t MaxNewSize                               = 715653120                                 {product} {ergonomic}
   size_t MinHeapDeltaBytes                        = 524288                                    {product} {ergonomic}
   size_t MinHeapSize                              = 104857600                                 {product} {command line}
   size_t NewSize                                  = 34603008                                  {product} {ergonomic}
    uintx NonNMethodCodeHeapSize                   = 5839372                                {pd product} {ergonomic}
    uintx NonProfiledCodeHeapSize                  = 122909434                              {pd product} {ergonomic}
   size_t OldSize                                  = 70254592                                  {product} {ergonomic}
    uintx ProfiledCodeHeapSize                     = 122909434                              {pd product} {ergonomic}
    uintx ReservedCodeCacheSize                    = 251658240                              {pd product} {ergonomic}
     bool SegmentedCodeCache                       = true                                      {product} {ergonomic}
   size_t SoftMaxHeapSize                          = 2147483648                             {manageable} {ergonomic}
     bool UseCompressedOops                        = true                           {product lp64_product} {ergonomic}
     bool UseLargePagesIndividualAllocation        = false                                  {pd product} {ergonomic}
     bool UseParallelGC                            = true                                      {product} {command line}

Logging:
Log output configuration:
 #0: stdout all=off uptime,level,tags foldmultilines=false
 #1: stderr all=off uptime,level,tags foldmultilines=false

Release file:
JAVA_VERSION="21.0.10" 
MODULES="java.base java.compiler java.datatransfer java.xml java.prefs java.desktop java.instrument java.logging java.management java.security.sasl java.naming java.rmi java.management.rmi java.net.http java.scripting java.security.jgss java.transaction.xa java.sql java.sql.rowset java.xml.crypto java.se java.smartcardio jdk.accessibility jdk.internal.jvmstat jdk.attach jdk.charsets jdk.internal.opt jdk.zipfs jdk.compiler jdk.crypto.ec jdk.crypto.cryptoki jdk.crypto.mscapi jdk.dynalink jdk.internal.ed jdk.editpad jdk.hotspot.agent jdk.httpserver jdk.internal.le jdk.internal.vm.ci jdk.internal.vm.compiler jdk.internal.vm.compiler.management jdk.jartool jdk.javadoc jdk.jcmd jdk.management jdk.management.agent jdk.jconsole jdk.jdeps jdk.jdwp.agent jdk.jdi jdk.jfr jdk.jshell jdk.jsobject jdk.jstatd jdk.localedata jdk.management.jfr jdk.naming.dns jdk.naming.rmi jdk.net jdk.nio.mapmode jdk.random jdk.sctp jdk.security.auth jdk.security.jgss jdk.unsupported jdk.unsupported.desktop jdk.xml.dom" 

Environment Variables:
PATH=C:\Users\esteb\AppData\Local\Programs\Microsoft VS Code;C:\Program Files\Common Files\Oracle\Java\javapath;C:\Program Files (x86)\Common Files\Oracle\Java\javapath;C:\Program Files\Microsoft MPI\Bin\;C:\oraclexe\app\oracle\product\11.2.0\server\bin;C:\app\esteb\product\21c\dbhomeXE\bin;C:\Program Files (x86)\VMware\VMware Workstation\bin\;C:\WINDOWS\system32;C:\WINDOWS;C:\WINDOWS\System32\Wbem;C:\WINDOWS\System32\WindowsPowerShell\v1.0\;C:\WINDOWS\System32\OpenSSH\;C:\Program Files (x86)\Microsoft SQL Server\130\Tools\Binn\;C:\Program Files\Microsoft SQL Server\130\Tools\Binn\;C:\Program Files (x86)\Microsoft SQL Server\130\DTS\Binn\;C:\Program Files\Microsoft SQL Server\130\DTS\Binn\;C:\Program Files\Microsoft SQL Server\Client SDK\ODBC\130\Tools\Binn\;C:\Program Files (x86)\Microsoft SQL Server\160\DTS\Binn\;C:\Program Files\Git\cmd;C:\Users\esteb\AppData\Local\nvm;C:\nvm4w\nodejs;C:\Program Files\Maven\bin;C:\Users\esteb\AppData\Local\Microsoft\WindowsApps;C:\Users\esteb\AppData\Local\Programs\Microsoft VS Code\bin;C:\Program Files\MongoDB\Server\8.0\bin;C:\Program Files\MongoDB\mongosh-2.3.3-win32-x64\bin;C:\Users\esteb\dev\flutter\bin;C:\Users\esteb\AppData\Local\Packages\PythonSoftwareFoundation.Python.3.11_qbz5n2kfra8p0\LocalCache\local-packages\Python311\Scripts;C:\Users\esteb\AppData\Roaming\npm;C:\Users\esteb\AppData\Local\nvm;C:\nvm4w\nodejs
USERNAME=esteb
OS=Windows_NT
PROCESSOR_IDENTIFIER=AMD64 Family 23 Model 160 Stepping 0, AuthenticAMD
TMP=C:\Users\esteb\AppData\Local\Temp
TEMP=C:\Users\esteb\AppData\Local\Temp




Periodic native trim disabled

---------------  S Y S T E M  ---------------

OS:
 Windows 11 , 64 bit Build 26100 (10.0.26100.7920)
OS uptime: 0 days 12:04 hours
Hyper-V role detected

CPU: total 8 (initial active 8) (8 cores per cpu, 2 threads per core) family 23 model 160 stepping 0 microcode 0x8a00006, cx8, cmov, fxsr, ht, mmx, 3dnowpref, sse, sse2, sse3, ssse3, sse4a, sse4.1, sse4.2, popcnt, lzcnt, tsc, tscinvbit, avx, avx2, aes, clmul, bmi1, bmi2, adx, sha, fma, vzeroupper, clflush, clflushopt, hv, rdtscp, rdpid, f16c
Processor Information for processor 0
  Max Mhz: 2801, Current Mhz: 2483, Mhz Limit: 2801
Processor Information for processor 1
  Max Mhz: 2801, Current Mhz: 1981, Mhz Limit: 2801
Processor Information for processor 2
  Max Mhz: 2801, Current Mhz: 2483, Mhz Limit: 2801
Processor Information for processor 3
  Max Mhz: 2801, Current Mhz: 2483, Mhz Limit: 2801
Processor Information for processor 4
  Max Mhz: 2801, Current Mhz: 2483, Mhz Limit: 2801
Processor Information for processor 5
  Max Mhz: 2801, Current Mhz: 2483, Mhz Limit: 2801
Processor Information for processor 6
  Max Mhz: 2801, Current Mhz: 2483, Mhz Limit: 2801
Processor Information for processor 7
  Max Mhz: 2801, Current Mhz: 2483, Mhz Limit: 2801

Memory: 4k page, system-wide physical 7413M (222M free)
TotalPageFile size 29941M (AvailPageFile size 137M)
current process WorkingSet (physical memory assigned to process): 461M, peak: 468M
current process commit charge ("private bytes"): 589M, peak: 589M

vm_info: OpenJDK 64-Bit Server VM (21.0.10+7-LTS) for windows-amd64 JRE (21.0.10+7-LTS), built on 2026-01-20T00:00:00Z by "admin" with MS VC++ 17.12 (VS2022)

END.
